TN:
SF:src\config.ts
FNF:0
FNH:0
DA:1,0
LF:1
LH:0
BRF:0
BRH:0
end_of_record
TN:
SF:src\index.tsx
FN:6,(anonymous_0)
FNF:1
FNH:0
FNDA:0,(anonymous_0)
DA:6,0
DA:7,0
LF:2
LH:0
BRF:0
BRH:0
end_of_record
TN:
SF:src\components\AboutAppDrawer.tsx
FN:18,(anonymous_0)
FNF:1
FNH:0
FNDA:0,(anonymous_0)
DA:18,0
DA:19,0
DA:106,0
LF:3
LH:0
BRF:0
BRH:0
end_of_record
TN:
SF:src\components\ChangePasswordDrawer.tsx
FN:23,(anonymous_0)
FN:33,(anonymous_1)
FN:38,(anonymous_2)
FN:71,(anonymous_3)
FN:134,(anonymous_4)
FN:155,(anonymous_5)
FN:176,(anonymous_6)
FNF:7
FNH:0
FNDA:0,(anonymous_0)
FNDA:0,(anonymous_1)
FNDA:0,(anonymous_2)
FNDA:0,(anonymous_3)
FNDA:0,(anonymous_4)
FNDA:0,(anonymous_5)
FNDA:0,(anonymous_6)
DA:23,0
DA:24,0
DA:25,0
DA:26,0
DA:27,0
DA:28,0
DA:29,0
DA:30,0
DA:31,0
DA:33,0
DA:34,0
DA:35,0
DA:38,0
DA:39,0
DA:41,0
DA:42,0
DA:43,0
DA:46,0
DA:47,0
DA:48,0
DA:51,0
DA:52,0
DA:56,0
DA:59,0
DA:61,0
DA:67,0
DA:68,0
DA:72,0
DA:74,0
DA:75,0
DA:76,0
DA:82,0
DA:83,0
DA:85,0
DA:89,0
DA:134,0
DA:155,0
DA:176,0
DA:214,0
LF:39
LH:0
BRDA:41,0,0,0
BRDA:41,0,1,0
BRDA:41,1,0,0
BRDA:41,1,1,0
BRDA:41,1,2,0
BRDA:46,2,0,0
BRDA:46,2,1,0
BRDA:51,3,0,0
BRDA:51,3,1,0
BRDA:67,4,0,0
BRDA:67,4,1,0
BRDA:82,5,0,0
BRDA:82,5,1,0
BRDA:137,6,0,0
BRDA:137,6,1,0
BRDA:158,7,0,0
BRDA:158,7,1,0
BRDA:179,8,0,0
BRDA:179,8,1,0
BRDA:200,9,0,0
BRDA:200,9,1,0
BRF:21
BRH:0
end_of_record
TN:
SF:src\components\ClassScheduleCalendar.tsx
FN:55,(anonymous_0)
FN:64,(anonymous_1)
FN:67,(anonymous_2)
FN:83,(anonymous_3)
FN:84,(anonymous_4)
FN:92,(anonymous_5)
FN:102,(anonymous_6)
FN:114,(anonymous_7)
FN:116,(anonymous_8)
FN:117,(anonymous_9)
FN:121,(anonymous_10)
FN:136,(anonymous_11)
FN:189,(anonymous_12)
FN:190,(anonymous_13)
FN:194,(anonymous_14)
FN:195,(anonymous_15)
FNF:16
FNH:0
FNDA:0,(anonymous_0)
FNDA:0,(anonymous_1)
FNDA:0,(anonymous_2)
FNDA:0,(anonymous_3)
FNDA:0,(anonymous_4)
FNDA:0,(anonymous_5)
FNDA:0,(anonymous_6)
FNDA:0,(anonymous_7)
FNDA:0,(anonymous_8)
FNDA:0,(anonymous_9)
FNDA:0,(anonymous_10)
FNDA:0,(anonymous_11)
FNDA:0,(anonymous_12)
FNDA:0,(anonymous_13)
FNDA:0,(anonymous_14)
FNDA:0,(anonymous_15)
DA:45,0
DA:46,0
DA:55,0
DA:60,0
DA:61,0
DA:62,0
DA:64,0
DA:66,0
DA:67,0
DA:68,0
DA:70,0
DA:73,0
DA:74,0
DA:75,0
DA:76,0
DA:77,0
DA:79,0
DA:80,0
DA:81,0
DA:82,0
DA:83,0
DA:84,0
DA:87,0
DA:88,0
DA:89,0
DA:92,0
DA:99,0
DA:102,0
DA:103,0
DA:104,0
DA:105,0
DA:106,0
DA:107,0
DA:108,0
DA:109,0
DA:110,0
DA:114,0
DA:115,0
DA:116,0
DA:117,0
DA:121,0
DA:122,0
DA:136,0
DA:137,0
DA:140,0
DA:189,0
DA:191,0
DA:194,0
DA:196,0
DA:218,0
LF:50
LH:0
BRDA:87,0,0,0
BRDA:87,0,1,0
BRDA:103,1,0,0
BRDA:103,1,1,0
BRDA:103,1,2,0
BRDA:103,1,3,0
BRDA:103,1,4,0
BRDA:103,1,5,0
BRDA:103,1,6,0
BRF:9
BRH:0
end_of_record
TN:
SF:src\components\ConfirmationModal.tsx
FN:13,(anonymous_0)
FNF:1
FNH:0
FNDA:0,(anonymous_0)
DA:13,0
DA:20,0
DA:53,0
LF:3
LH:0
BRF:0
BRH:0
end_of_record
TN:
SF:src\components\DevLoginTool.tsx
FN:10,(anonymous_0)
FN:15,(anonymous_1)
FN:43,(anonymous_2)
FN:52,(anonymous_3)
FN:61,(anonymous_4)
FN:68,(anonymous_5)
FN:75,(anonymous_6)
FN:82,(anonymous_7)
FNF:8
FNH:0
FNDA:0,(anonymous_0)
FNDA:0,(anonymous_1)
FNDA:0,(anonymous_2)
FNDA:0,(anonymous_3)
FNDA:0,(anonymous_4)
FNDA:0,(anonymous_5)
FNDA:0,(anonymous_6)
FNDA:0,(anonymous_7)
DA:10,0
DA:11,0
DA:12,0
DA:13,0
DA:15,0
DA:16,0
DA:18,0
DA:24,0
DA:25,0
DA:28,0
DA:33,0
DA:34,0
DA:36,0
DA:39,0
DA:43,0
DA:52,0
DA:61,0
DA:68,0
DA:75,0
DA:82,0
DA:93,0
LF:21
LH:0
BRDA:30,0,0,0
BRDA:30,0,1,0
BRDA:30,1,0,0
BRDA:30,1,1,0
BRF:4
BRH:0
end_of_record
TN:
SF:src\components\LogoutConfirmationModal.tsx
FN:10,(anonymous_0)
FNF:1
FNH:0
FNDA:0,(anonymous_0)
DA:10,0
DA:15,0
DA:47,0
LF:3
LH:0
BRF:0
BRH:0
end_of_record
TN:
SF:src\components\NotificationsDrawer.tsx
FN:22,(anonymous_0)
FN:63,(anonymous_1)
FN:75,(anonymous_2)
FNF:3
FNH:0
FNDA:0,(anonymous_0)
FNDA:0,(anonymous_1)
FNDA:0,(anonymous_2)
DA:22,0
DA:28,0
DA:64,0
DA:75,0
DA:101,0
LF:5
LH:0
BRDA:62,0,0,0
BRDA:62,0,1,0
BRDA:68,1,0,0
BRDA:68,1,1,0
BRDA:71,2,0,0
BRDA:71,2,1,0
BRDA:72,3,0,0
BRDA:72,3,1,0
BRDA:82,4,0,0
BRDA:82,4,1,0
BRF:10
BRH:0
end_of_record
TN:
SF:src\components\ProtectedRoute.tsx
FN:5,(anonymous_0)
FNF:1
FNH:0
FNDA:0,(anonymous_0)
DA:5,0
DA:6,0
DA:8,0
DA:9,0
DA:12,0
LF:5
LH:0
BRDA:8,0,0,0
BRDA:8,0,1,0
BRDA:12,1,0,0
BRDA:12,1,1,0
BRF:4
BRH:0
end_of_record
TN:
SF:src\components\SuccessModal.tsx
FN:11,(anonymous_0)
FN:18,(anonymous_1)
FNF:2
FNH:0
FNDA:0,(anonymous_0)
FNDA:0,(anonymous_1)
DA:11,0
DA:16,0
DA:18,0
DA:19,0
DA:20,0
DA:36,0
DA:38,0
DA:69,0
LF:8
LH:0
BRDA:14,0,0,0
BRDA:19,1,0,0
BRDA:19,1,1,0
BRDA:36,2,0,0
BRDA:36,2,1,0
BRF:5
BRH:0
end_of_record
TN:
SF:src\components\admin\ActivityLogs.tsx
FN:27,(anonymous_0)
FN:35,(anonymous_1)
FN:39,(anonymous_2)
FN:44,(anonymous_3)
FN:56,(anonymous_4)
FN:57,(anonymous_5)
FN:68,(anonymous_6)
FN:74,(anonymous_7)
FN:85,(anonymous_8)
FN:98,(anonymous_9)
FN:111,(anonymous_10)
FN:116,(anonymous_11)
FN:124,(anonymous_12)
FN:202,(anonymous_13)
FN:207,(anonymous_14)
FN:215,(anonymous_15)
FN:235,(anonymous_16)
FN:262,(anonymous_17)
FN:272,(anonymous_18)
FNF:19
FNH:0
FNDA:0,(anonymous_0)
FNDA:0,(anonymous_1)
FNDA:0,(anonymous_2)
FNDA:0,(anonymous_3)
FNDA:0,(anonymous_4)
FNDA:0,(anonymous_5)
FNDA:0,(anonymous_6)
FNDA:0,(anonymous_7)
FNDA:0,(anonymous_8)
FNDA:0,(anonymous_9)
FNDA:0,(anonymous_10)
FNDA:0,(anonymous_11)
FNDA:0,(anonymous_12)
FNDA:0,(anonymous_13)
FNDA:0,(anonymous_14)
FNDA:0,(anonymous_15)
FNDA:0,(anonymous_16)
FNDA:0,(anonymous_17)
FNDA:0,(anonymous_18)
DA:27,0
DA:28,0
DA:29,0
DA:30,0
DA:31,0
DA:32,0
DA:33,0
DA:35,0
DA:36,0
DA:39,0
DA:40,0
DA:41,0
DA:42,0
DA:44,0
DA:48,0
DA:50,0
DA:52,0
DA:56,0
DA:57,0
DA:58,0
DA:59,0
DA:60,0
DA:62,0
DA:64,0
DA:68,0
DA:69,0
DA:70,0
DA:71,0
DA:74,0
DA:75,0
DA:76,0
DA:77,0
DA:78,0
DA:80,0
DA:81,0
DA:82,0
DA:85,0
DA:86,0
DA:88,0
DA:90,0
DA:92,0
DA:94,0
DA:98,0
DA:99,0
DA:101,0
DA:103,0
DA:105,0
DA:107,0
DA:111,0
DA:112,0
DA:113,0
DA:116,0
DA:117,0
DA:118,0
DA:120,0
DA:124,0
DA:202,0
DA:203,0
DA:204,0
DA:207,0
DA:208,0
DA:209,0
DA:210,0
DA:211,0
DA:212,0
DA:213,0
DA:214,0
DA:215,0
DA:217,0
DA:218,0
DA:224,0
DA:225,0
DA:229,0
DA:235,0
DA:262,0
DA:272,0
DA:285,0
LF:77
LH:0
BRDA:46,0,0,0
BRDA:46,0,1,0
BRDA:59,1,0,0
BRDA:59,1,1,0
BRDA:69,2,0,0
BRDA:69,2,1,0
BRDA:75,3,0,0
BRDA:75,3,1,0
BRDA:77,4,0,0
BRDA:77,4,1,0
BRDA:86,5,0,0
BRDA:86,5,1,0
BRDA:86,5,2,0
BRDA:86,5,3,0
BRDA:99,6,0,0
BRDA:99,6,1,0
BRDA:99,6,2,0
BRDA:99,6,3,0
BRDA:112,7,0,0
BRDA:112,7,1,0
BRDA:112,8,0,0
BRDA:112,8,1,0
BRDA:113,9,0,0
BRDA:113,9,1,0
BRDA:149,10,0,0
BRDA:149,10,1,0
BRDA:167,11,0,0
BRDA:167,11,1,0
BRDA:177,12,0,0
BRDA:177,12,1,0
BRDA:187,13,0,0
BRDA:187,13,1,0
BRDA:256,14,0,0
BRDA:256,14,1,0
BRF:34
BRH:0
end_of_record
TN:
SF:src\components\admin\RecordsOverview.tsx
FN:38,(anonymous_0)
FN:61,(anonymous_1)
FN:65,(anonymous_2)
FN:87,(anonymous_3)
FN:92,(anonymous_4)
FN:97,(anonymous_5)
FN:103,(anonymous_6)
FN:113,(anonymous_7)
FN:114,(anonymous_8)
FN:118,(anonymous_9)
FN:139,(anonymous_10)
FN:147,(anonymous_11)
FN:189,(anonymous_12)
FN:234,(anonymous_13)
FN:288,(anonymous_14)
FNF:15
FNH:0
FNDA:0,(anonymous_0)
FNDA:0,(anonymous_1)
FNDA:0,(anonymous_2)
FNDA:0,(anonymous_3)
FNDA:0,(anonymous_4)
FNDA:0,(anonymous_5)
FNDA:0,(anonymous_6)
FNDA:0,(anonymous_7)
FNDA:0,(anonymous_8)
FNDA:0,(anonymous_9)
FNDA:0,(anonymous_10)
FNDA:0,(anonymous_11)
FNDA:0,(anonymous_12)
FNDA:0,(anonymous_13)
FNDA:0,(anonymous_14)
DA:38,0
DA:39,0
DA:40,0
DA:57,0
DA:58,0
DA:59,0
DA:61,0
DA:62,0
DA:65,0
DA:66,0
DA:67,0
DA:70,0
DA:71,0
DA:72,0
DA:75,0
DA:76,0
DA:77,0
DA:80,0
DA:87,0
DA:88,0
DA:89,0
DA:92,0
DA:93,0
DA:94,0
DA:97,0
DA:98,0
DA:99,0
DA:103,0
DA:104,0
DA:105,0
DA:106,0
DA:107,0
DA:111,0
DA:113,0
DA:114,0
DA:118,0
DA:119,0
DA:122,0
DA:132,0
DA:133,0
DA:135,0
DA:139,0
DA:140,0
DA:141,0
DA:144,0
DA:147,0
DA:148,0
DA:149,0
DA:150,0
DA:153,0
DA:154,0
DA:156,0
DA:158,0
DA:159,0
DA:160,0
DA:161,0
DA:162,0
DA:165,0
DA:166,0
DA:170,0
DA:171,0
DA:176,0
DA:180,0
DA:182,0
DA:183,0
DA:185,0
DA:189,0
DA:190,0
DA:193,0
DA:194,0
DA:201,0
DA:234,0
DA:288,0
DA:364,0
LF:74
LH:0
BRDA:89,0,0,0
BRDA:89,0,1,0
BRDA:94,1,0,0
BRDA:94,1,1,0
BRDA:99,2,0,0
BRDA:99,2,1,0
BRDA:156,3,0,0
BRDA:156,3,1,0
BRDA:170,4,0,0
BRDA:170,4,1,0
BRDA:190,5,0,0
BRDA:190,5,1,0
BRDA:193,6,0,0
BRDA:193,6,1,0
BRDA:241,7,0,0
BRDA:241,7,1,0
BRDA:262,8,0,0
BRDA:262,8,1,0
BRDA:295,9,0,0
BRDA:295,9,1,0
BRDA:316,10,0,0
BRDA:316,10,1,0
BRDA:345,11,0,0
BRDA:345,11,1,0
BRDA:348,12,0,0
BRDA:348,12,1,0
BRDA:350,13,0,0
BRDA:350,13,1,0
BRF:28
BRH:0
end_of_record
TN:
SF:src\components\admin\UserManager.tsx
FN:21,(anonymous_0)
FN:40,(anonymous_1)
FN:44,(anonymous_2)
FN:56,(anonymous_3)
FN:65,(anonymous_4)
FN:74,(anonymous_5)
FN:76,(anonymous_6)
FN:96,(anonymous_7)
FN:144,(anonymous_8)
FN:165,(anonymous_9)
FN:170,(anonymous_10)
FN:171,(anonymous_11)
FN:172,(anonymous_12)
FN:181,(anonymous_13)
FN:190,(anonymous_14)
FN:191,(anonymous_15)
FN:202,(anonymous_16)
FN:205,(anonymous_17)
FN:211,(anonymous_18)
FN:213,(anonymous_19)
FN:221,(anonymous_20)
FN:223,(anonymous_21)
FN:241,(anonymous_22)
FN:252,(anonymous_23)
FN:253,(anonymous_24)
FN:278,(anonymous_25)
FN:283,(anonymous_26)
FN:289,(anonymous_27)
FN:295,(anonymous_28)
FN:305,(anonymous_29)
FN:306,(anonymous_30)
FN:338,(anonymous_31)
FN:344,(anonymous_32)
FN:784,(anonymous_33)
FN:804,(anonymous_34)
FN:837,(anonymous_35)
FN:853,(anonymous_36)
FN:855,(anonymous_37)
FN:866,(anonymous_38)
FN:868,(anonymous_39)
FN:903,(anonymous_40)
FN:906,(anonymous_41)
FN:921,(anonymous_42)
FN:940,(anonymous_43)
FN:948,(anonymous_44)
FN:955,(anonymous_45)
FNF:46
FNH:0
FNDA:0,(anonymous_0)
FNDA:0,(anonymous_1)
FNDA:0,(anonymous_2)
FNDA:0,(anonymous_3)
FNDA:0,(anonymous_4)
FNDA:0,(anonymous_5)
FNDA:0,(anonymous_6)
FNDA:0,(anonymous_7)
FNDA:0,(anonymous_8)
FNDA:0,(anonymous_9)
FNDA:0,(anonymous_10)
FNDA:0,(anonymous_11)
FNDA:0,(anonymous_12)
FNDA:0,(anonymous_13)
FNDA:0,(anonymous_14)
FNDA:0,(anonymous_15)
FNDA:0,(anonymous_16)
FNDA:0,(anonymous_17)
FNDA:0,(anonymous_18)
FNDA:0,(anonymous_19)
FNDA:0,(anonymous_20)
FNDA:0,(anonymous_21)
FNDA:0,(anonymous_22)
FNDA:0,(anonymous_23)
FNDA:0,(anonymous_24)
FNDA:0,(anonymous_25)
FNDA:0,(anonymous_26)
FNDA:0,(anonymous_27)
FNDA:0,(anonymous_28)
FNDA:0,(anonymous_29)
FNDA:0,(anonymous_30)
FNDA:0,(anonymous_31)
FNDA:0,(anonymous_32)
FNDA:0,(anonymous_33)
FNDA:0,(anonymous_34)
FNDA:0,(anonymous_35)
FNDA:0,(anonymous_36)
FNDA:0,(anonymous_37)
FNDA:0,(anonymous_38)
FNDA:0,(anonymous_39)
FNDA:0,(anonymous_40)
FNDA:0,(anonymous_41)
FNDA:0,(anonymous_42)
FNDA:0,(anonymous_43)
FNDA:0,(anonymous_44)
FNDA:0,(anonymous_45)
DA:21,0
DA:22,0
DA:23,0
DA:24,0
DA:25,0
DA:26,0
DA:27,0
DA:28,0
DA:29,0
DA:30,0
DA:31,0
DA:32,0
DA:33,0
DA:34,0
DA:35,0
DA:36,0
DA:37,0
DA:38,0
DA:40,0
DA:41,0
DA:44,0
DA:45,0
DA:46,0
DA:47,0
DA:48,0
DA:50,0
DA:52,0
DA:56,0
DA:57,0
DA:58,0
DA:59,0
DA:60,0
DA:61,0
DA:62,0
DA:65,0
DA:66,0
DA:67,0
DA:68,0
DA:69,0
DA:70,0
DA:71,0
DA:74,0
DA:75,0
DA:76,0
DA:77,0
DA:78,0
DA:82,0
DA:83,0
DA:84,0
DA:85,0
DA:88,0
DA:89,0
DA:91,0
DA:92,0
DA:96,0
DA:97,0
DA:98,0
DA:99,0
DA:103,0
DA:106,0
DA:107,0
DA:108,0
DA:111,0
DA:112,0
DA:113,0
DA:116,0
DA:117,0
DA:118,0
DA:121,0
DA:122,0
DA:129,0
DA:130,0
DA:131,0
DA:133,0
DA:134,0
DA:137,0
DA:138,0
DA:140,0
DA:141,0
DA:143,0
DA:144,0
DA:145,0
DA:147,0
DA:148,0
DA:150,0
DA:151,0
DA:153,0
DA:154,0
DA:157,0
DA:158,0
DA:160,0
DA:165,0
DA:166,0
DA:170,0
DA:171,0
DA:172,0
DA:173,0
DA:174,0
DA:176,0
DA:177,0
DA:181,0
DA:182,0
DA:183,0
DA:184,0
DA:186,0
DA:190,0
DA:191,0
DA:192,0
DA:193,0
DA:194,0
DA:196,0
DA:198,0
DA:202,0
DA:203,0
DA:204,0
DA:205,0
DA:206,0
DA:211,0
DA:212,0
DA:213,0
DA:214,0
DA:215,0
DA:216,0
DA:221,0
DA:222,0
DA:223,0
DA:224,0
DA:225,0
DA:226,0
DA:227,0
DA:228,0
DA:231,0
DA:233,0
DA:236,0
DA:241,0
DA:242,0
DA:244,0
DA:245,0
DA:247,0
DA:248,0
DA:249,0
DA:252,0
DA:253,0
DA:254,0
DA:255,0
DA:257,0
DA:258,0
DA:260,0
DA:261,0
DA:265,0
DA:266,0
DA:267,0
DA:268,0
DA:269,0
DA:271,0
DA:272,0
DA:273,0
DA:275,0
DA:278,0
DA:279,0
DA:280,0
DA:281,0
DA:283,0
DA:284,0
DA:285,0
DA:289,0
DA:290,0
DA:291,0
DA:292,0
DA:295,0
DA:296,0
DA:297,0
DA:299,0
DA:305,0
DA:306,0
DA:338,0
DA:344,0
DA:354,0
DA:754,0
DA:784,0
DA:805,0
DA:806,0
DA:837,0
DA:854,0
DA:855,0
DA:867,0
DA:868,0
DA:904,0
DA:905,0
DA:906,0
DA:921,0
DA:940,0
DA:948,0
DA:956,0
DA:957,0
DA:958,0
LF:196
LH:0
BRDA:50,0,0,0
BRDA:50,0,1,0
BRDA:77,1,0,0
BRDA:77,1,1,0
BRDA:83,2,0,0
BRDA:83,2,1,0
BRDA:91,3,0,0
BRDA:91,3,1,0
BRDA:91,3,2,0
BRDA:97,4,0,0
BRDA:97,4,1,0
BRDA:97,5,0,0
BRDA:97,5,1,0
BRDA:97,5,2,0
BRDA:106,6,0,0
BRDA:106,6,1,0
BRDA:106,7,0,0
BRDA:106,7,1,0
BRDA:111,8,0,0
BRDA:111,8,1,0
BRDA:111,9,0,0
BRDA:111,9,1,0
BRDA:116,10,0,0
BRDA:116,10,1,0
BRDA:116,11,0,0
BRDA:116,11,1,0
BRDA:129,12,0,0
BRDA:129,12,1,0
BRDA:141,13,0,0
BRDA:141,13,1,0
BRDA:145,14,0,0
BRDA:145,14,1,0
BRDA:145,14,2,0
BRDA:160,15,0,0
BRDA:160,15,1,0
BRDA:174,16,0,0
BRDA:174,16,1,0
BRDA:176,17,0,0
BRDA:176,17,1,0
BRDA:183,18,0,0
BRDA:183,18,1,0
BRDA:193,19,0,0
BRDA:193,19,1,0
BRDA:222,20,0,0
BRDA:222,20,1,0
BRDA:225,21,0,0
BRDA:225,21,1,0
BRDA:227,22,0,0
BRDA:227,22,1,0
BRDA:247,23,0,0
BRDA:247,23,1,0
BRDA:254,24,0,0
BRDA:254,24,1,0
BRDA:260,25,0,0
BRDA:260,25,1,0
BRDA:271,26,0,0
BRDA:271,26,1,0
BRDA:271,26,2,0
BRDA:279,27,0,0
BRDA:279,27,1,0
BRDA:303,28,0,0
BRDA:303,28,1,0
BRDA:312,29,0,0
BRDA:312,29,1,0
BRDA:315,30,0,0
BRDA:315,30,1,0
BRDA:317,31,0,0
BRDA:317,31,1,0
BRDA:327,32,0,0
BRDA:327,32,1,0
BRDA:327,32,2,0
BRDA:334,33,0,0
BRDA:334,33,1,0
BRDA:759,34,0,0
BRDA:759,34,1,0
BRDA:765,35,0,0
BRDA:765,35,1,0
BRDA:778,36,0,0
BRDA:778,36,1,0
BRDA:791,37,0,0
BRDA:791,37,1,0
BRDA:802,38,0,0
BRDA:802,38,1,0
BRDA:805,39,0,0
BRDA:805,39,1,0
BRDA:843,40,0,0
BRDA:843,40,1,0
BRDA:849,41,0,0
BRDA:849,41,1,0
BRDA:862,42,0,0
BRDA:862,42,1,0
BRDA:892,43,0,0
BRDA:892,43,1,0
BRDA:893,44,0,0
BRDA:893,44,1,0
BRDA:896,45,0,0
BRDA:896,45,1,0
BRDA:898,46,0,0
BRDA:898,46,1,0
BRDA:904,47,0,0
BRDA:904,47,1,0
BRDA:912,48,0,0
BRDA:912,48,1,0
BRDA:947,49,0,0
BRDA:947,49,1,0
BRDA:948,50,0,0
BRDA:948,50,1,0
BRDA:948,50,2,0
BRDA:957,51,0,0
BRDA:957,51,1,0
BRDA:975,52,0,0
BRDA:975,52,1,0
BRF:112
BRH:0
end_of_record
TN:
SF:src\components\instructor\AttendanceDetails.tsx
FN:27,(anonymous_0)
FN:33,(anonymous_1)
FN:45,(anonymous_2)
FN:50,(anonymous_3)
FN:64,(anonymous_4)
FN:72,(anonymous_5)
FN:73,(anonymous_6)
FN:99,(anonymous_7)
FN:105,(anonymous_8)
FN:126,(anonymous_9)
FN:203,(anonymous_10)
FN:204,(anonymous_11)
FN:207,(anonymous_12)
FN:223,(anonymous_13)
FN:258,(anonymous_14)
FN:270,(anonymous_15)
FNF:16
FNH:0
FNDA:0,(anonymous_0)
FNDA:0,(anonymous_1)
FNDA:0,(anonymous_2)
FNDA:0,(anonymous_3)
FNDA:0,(anonymous_4)
FNDA:0,(anonymous_5)
FNDA:0,(anonymous_6)
FNDA:0,(anonymous_7)
FNDA:0,(anonymous_8)
FNDA:0,(anonymous_9)
FNDA:0,(anonymous_10)
FNDA:0,(anonymous_11)
FNDA:0,(anonymous_12)
FNDA:0,(anonymous_13)
FNDA:0,(anonymous_14)
FNDA:0,(anonymous_15)
DA:27,0
DA:28,0
DA:29,0
DA:30,0
DA:31,0
DA:33,0
DA:34,0
DA:35,0
DA:45,0
DA:46,0
DA:48,0
DA:50,0
DA:51,0
DA:54,0
DA:64,0
DA:65,0
DA:66,0
DA:68,0
DA:72,0
DA:73,0
DA:76,0
DA:83,0
DA:84,0
DA:87,0
DA:88,0
DA:89,0
DA:95,0
DA:96,0
DA:99,0
DA:100,0
DA:101,0
DA:102,0
DA:105,0
DA:106,0
DA:107,0
DA:110,0
DA:113,0
DA:116,0
DA:117,0
DA:120,0
DA:123,0
DA:126,0
DA:127,0
DA:130,0
DA:132,0
DA:134,0
DA:135,0
DA:136,0
DA:137,0
DA:138,0
DA:141,0
DA:142,0
DA:146,0
DA:147,0
DA:152,0
DA:156,0
DA:158,0
DA:159,0
DA:161,0
DA:165,0
DA:203,0
DA:205,0
DA:207,0
DA:223,0
DA:258,0
DA:271,0
DA:272,0
DA:294,0
LF:68
LH:0
BRDA:46,0,0,0
BRDA:46,0,1,0
BRDA:46,1,0,0
BRDA:46,1,1,0
BRDA:51,2,0,0
BRDA:51,2,1,0
BRDA:65,3,0,0
BRDA:65,3,1,0
BRDA:83,4,0,0
BRDA:83,4,1,0
BRDA:88,5,0,0
BRDA:88,5,1,0
BRDA:101,6,0,0
BRDA:101,6,1,0
BRDA:113,7,0,0
BRDA:113,7,1,0
BRDA:132,8,0,0
BRDA:132,8,1,0
BRDA:146,9,0,0
BRDA:146,9,1,0
BRDA:215,10,0,0
BRDA:215,10,1,0
BRDA:238,11,0,0
BRDA:238,11,1,0
BRDA:243,12,0,0
BRDA:243,12,1,0
BRDA:280,13,0,0
BRDA:280,13,1,0
BRF:28
BRH:0
end_of_record
TN:
SF:src\components\instructor\AttendanceReports.tsx
FN:64,(anonymous_0)
FN:90,(anonymous_1)
FN:95,(anonymous_2)
FN:103,(anonymous_3)
FN:109,(anonymous_4)
FN:116,(anonymous_5)
FN:122,(anonymous_6)
FN:124,(anonymous_7)
FN:132,(anonymous_8)
FN:146,(anonymous_9)
FN:150,(anonymous_10)
FN:165,(anonymous_11)
FN:187,(anonymous_12)
FN:188,(anonymous_13)
FN:199,(anonymous_14)
FN:207,(anonymous_15)
FN:217,(anonymous_16)
FN:221,(anonymous_17)
FN:230,(anonymous_18)
FN:231,(anonymous_19)
FN:250,(anonymous_20)
FN:269,(anonymous_21)
FN:271,(anonymous_22)
FN:274,(anonymous_23)
FN:286,(anonymous_24)
FN:289,(anonymous_25)
FN:294,(anonymous_26)
FN:296,(anonymous_27)
FN:313,(anonymous_28)
FN:318,(anonymous_29)
FN:324,(anonymous_30)
FN:326,(anonymous_31)
FN:333,(anonymous_32)
FN:339,(anonymous_33)
FN:342,(anonymous_34)
FN:343,(anonymous_35)
FN:369,(anonymous_36)
FN:376,(anonymous_37)
FN:381,(anonymous_38)
FN:401,(anonymous_39)
FN:417,(anonymous_40)
FN:424,(anonymous_41)
FN:431,(anonymous_42)
FN:435,(anonymous_43)
FN:456,(anonymous_44)
FN:467,(anonymous_45)
FN:468,(anonymous_46)
FN:478,(anonymous_47)
FN:479,(anonymous_48)
FN:529,(anonymous_49)
FN:545,(anonymous_50)
FN:561,(anonymous_51)
FN:661,(anonymous_52)
FN:670,(anonymous_53)
FN:671,(anonymous_54)
FN:710,(anonymous_55)
FN:729,(anonymous_56)
FN:741,(anonymous_57)
FNF:58
FNH:0
FNDA:0,(anonymous_0)
FNDA:0,(anonymous_1)
FNDA:0,(anonymous_2)
FNDA:0,(anonymous_3)
FNDA:0,(anonymous_4)
FNDA:0,(anonymous_5)
FNDA:0,(anonymous_6)
FNDA:0,(anonymous_7)
FNDA:0,(anonymous_8)
FNDA:0,(anonymous_9)
FNDA:0,(anonymous_10)
FNDA:0,(anonymous_11)
FNDA:0,(anonymous_12)
FNDA:0,(anonymous_13)
FNDA:0,(anonymous_14)
FNDA:0,(anonymous_15)
FNDA:0,(anonymous_16)
FNDA:0,(anonymous_17)
FNDA:0,(anonymous_18)
FNDA:0,(anonymous_19)
FNDA:0,(anonymous_20)
FNDA:0,(anonymous_21)
FNDA:0,(anonymous_22)
FNDA:0,(anonymous_23)
FNDA:0,(anonymous_24)
FNDA:0,(anonymous_25)
FNDA:0,(anonymous_26)
FNDA:0,(anonymous_27)
FNDA:0,(anonymous_28)
FNDA:0,(anonymous_29)
FNDA:0,(anonymous_30)
FNDA:0,(anonymous_31)
FNDA:0,(anonymous_32)
FNDA:0,(anonymous_33)
FNDA:0,(anonymous_34)
FNDA:0,(anonymous_35)
FNDA:0,(anonymous_36)
FNDA:0,(anonymous_37)
FNDA:0,(anonymous_38)
FNDA:0,(anonymous_39)
FNDA:0,(anonymous_40)
FNDA:0,(anonymous_41)
FNDA:0,(anonymous_42)
FNDA:0,(anonymous_43)
FNDA:0,(anonymous_44)
FNDA:0,(anonymous_45)
FNDA:0,(anonymous_46)
FNDA:0,(anonymous_47)
FNDA:0,(anonymous_48)
FNDA:0,(anonymous_49)
FNDA:0,(anonymous_50)
FNDA:0,(anonymous_51)
FNDA:0,(anonymous_52)
FNDA:0,(anonymous_53)
FNDA:0,(anonymous_54)
FNDA:0,(anonymous_55)
FNDA:0,(anonymous_56)
FNDA:0,(anonymous_57)
DA:64,0
DA:65,0
DA:66,0
DA:67,0
DA:68,0
DA:69,0
DA:70,0
DA:71,0
DA:72,0
DA:73,0
DA:74,0
DA:75,0
DA:76,0
DA:77,0
DA:78,0
DA:79,0
DA:80,0
DA:81,0
DA:82,0
DA:83,0
DA:90,0
DA:91,0
DA:92,0
DA:95,0
DA:96,0
DA:97,0
DA:99,0
DA:100,0
DA:103,0
DA:104,0
DA:106,0
DA:109,0
DA:110,0
DA:112,0
DA:115,0
DA:116,0
DA:117,0
DA:119,0
DA:122,0
DA:123,0
DA:124,0
DA:132,0
DA:133,0
DA:138,0
DA:140,0
DA:142,0
DA:146,0
DA:147,0
DA:149,0
DA:150,0
DA:151,0
DA:152,0
DA:153,0
DA:157,0
DA:162,0
DA:165,0
DA:166,0
DA:173,0
DA:177,0
DA:183,0
DA:187,0
DA:188,0
DA:189,0
DA:195,0
DA:196,0
DA:199,0
DA:200,0
DA:201,0
DA:202,0
DA:204,0
DA:207,0
DA:208,0
DA:210,0
DA:213,0
DA:216,0
DA:217,0
DA:221,0
DA:222,0
DA:223,0
DA:230,0
DA:231,0
DA:233,0
DA:244,0
DA:245,0
DA:250,0
DA:251,0
DA:252,0
DA:253,0
DA:256,0
DA:257,0
DA:265,0
DA:269,0
DA:270,0
DA:271,0
DA:274,0
DA:275,0
DA:276,0
DA:286,0
DA:287,0
DA:288,0
DA:289,0
DA:290,0
DA:294,0
DA:295,0
DA:296,0
DA:297,0
DA:298,0
DA:299,0
DA:300,0
DA:301,0
DA:304,0
DA:306,0
DA:309,0
DA:313,0
DA:314,0
DA:315,0
DA:316,0
DA:318,0
DA:319,0
DA:320,0
DA:324,0
DA:325,0
DA:326,0
DA:327,0
DA:328,0
DA:329,0
DA:333,0
DA:334,0
DA:335,0
DA:336,0
DA:339,0
DA:340,0
DA:341,0
DA:342,0
DA:343,0
DA:344,0
DA:345,0
DA:353,0
DA:358,0
DA:359,0
DA:360,0
DA:361,0
DA:363,0
DA:364,0
DA:366,0
DA:369,0
DA:370,0
DA:371,0
DA:374,0
DA:376,0
DA:381,0
DA:384,0
DA:388,0
DA:389,0
DA:390,0
DA:391,0
DA:392,0
DA:394,0
DA:395,0
DA:397,0
DA:401,0
DA:402,0
DA:403,0
DA:410,0
DA:417,0
DA:418,0
DA:419,0
DA:424,0
DA:425,0
DA:426,0
DA:431,0
DA:432,0
DA:435,0
DA:436,0
DA:438,0
DA:439,0
DA:440,0
DA:441,0
DA:444,0
DA:447,0
DA:448,0
DA:450,0
DA:451,0
DA:454,0
DA:456,0
DA:457,0
DA:458,0
DA:459,0
DA:461,0
DA:465,0
DA:467,0
DA:468,0
DA:469,0
DA:471,0
DA:478,0
DA:479,0
DA:481,0
DA:483,0
DA:493,0
DA:495,0
DA:496,0
DA:500,0
DA:501,0
DA:506,0
DA:509,0
DA:512,0
DA:513,0
DA:514,0
DA:516,0
DA:522,0
DA:523,0
DA:525,0
DA:529,0
DA:530,0
DA:533,0
DA:534,0
DA:541,0
DA:542,0
DA:545,0
DA:551,0
DA:552,0
DA:553,0
DA:555,0
DA:561,0
DA:662,0
DA:663,0
DA:670,0
DA:671,0
DA:711,0
DA:712,0
DA:729,0
DA:742,0
DA:743,0
DA:744,0
DA:774,0
LF:235
LH:0
BRDA:133,0,0,0
BRDA:133,0,1,0
BRDA:173,1,0,0
BRDA:173,1,1,0
BRDA:196,2,0,0
BRDA:196,2,1,0
BRDA:201,3,0,0
BRDA:201,3,1,0
BRDA:202,4,0,0
BRDA:202,4,1,0
BRDA:225,5,0,0
BRDA:225,5,1,0
BRDA:226,6,0,0
BRDA:226,6,1,0
BRDA:256,7,0,0
BRDA:256,7,1,0
BRDA:256,8,0,0
BRDA:256,8,1,0
BRDA:295,9,0,0
BRDA:295,9,1,0
BRDA:298,10,0,0
BRDA:298,10,1,0
BRDA:300,11,0,0
BRDA:300,11,1,0
BRDA:314,12,0,0
BRDA:314,12,1,0
BRDA:344,13,0,0
BRDA:344,13,1,0
BRDA:363,14,0,0
BRDA:363,14,1,0
BRDA:363,14,2,0
BRDA:371,15,0,0
BRDA:371,15,1,0
BRDA:402,16,0,0
BRDA:402,16,1,0
BRDA:419,17,0,0
BRDA:419,17,1,0
BRDA:426,18,0,0
BRDA:426,18,1,0
BRDA:432,19,0,0
BRDA:432,19,1,0
BRDA:436,20,0,0
BRDA:436,20,1,0
BRDA:458,21,0,0
BRDA:458,21,1,0
BRDA:473,22,0,0
BRDA:473,22,1,0
BRDA:474,23,0,0
BRDA:474,23,1,0
BRDA:512,24,0,0
BRDA:512,24,1,0
BRDA:533,25,0,0
BRDA:533,25,1,0
BRDA:541,26,0,0
BRDA:541,26,1,0
BRDA:570,27,0,0
BRDA:570,27,1,0
BRDA:593,28,0,0
BRDA:593,28,1,0
BRDA:623,29,0,0
BRDA:623,29,1,0
BRDA:635,30,0,0
BRDA:635,30,1,0
BRDA:641,31,0,0
BRDA:641,31,1,0
BRDA:646,32,0,0
BRDA:646,32,1,0
BRDA:655,33,0,0
BRDA:655,33,1,0
BRDA:668,34,0,0
BRDA:668,34,1,0
BRDA:675,35,0,0
BRDA:675,35,1,0
BRDA:678,36,0,0
BRDA:678,36,1,0
BRDA:680,37,0,0
BRDA:680,37,1,0
BRDA:697,38,0,0
BRDA:697,38,1,0
BRDA:708,39,0,0
BRDA:708,39,1,0
BRDA:711,40,0,0
BRDA:711,40,1,0
BRDA:736,41,0,0
BRDA:736,41,1,0
BRDA:743,42,0,0
BRDA:743,42,1,0
BRDA:762,43,0,0
BRDA:762,43,1,0
BRF:89
BRH:0
end_of_record
TN:
SF:src\components\instructor\ClassList.tsx
FN:32,(anonymous_0)
FN:75,(anonymous_1)
FN:76,(anonymous_2)
FN:90,(anonymous_3)
FN:94,(anonymous_4)
FN:101,(anonymous_5)
FN:106,(anonymous_6)
FN:120,(anonymous_7)
FN:121,(anonymous_8)
FN:126,(anonymous_9)
FN:147,(anonymous_10)
FN:160,(anonymous_11)
FN:169,(anonymous_12)
FN:183,(anonymous_13)
FN:183,(anonymous_14)
FN:195,(anonymous_15)
FN:202,(anonymous_16)
FN:208,(anonymous_17)
FN:208,(anonymous_18)
FN:212,(anonymous_19)
FN:221,(anonymous_20)
FN:231,(anonymous_21)
FN:234,(anonymous_22)
FN:239,(anonymous_23)
FN:241,(anonymous_24)
FN:248,(anonymous_25)
FN:250,(anonymous_26)
FN:263,(anonymous_27)
FN:268,(anonymous_28)
FN:273,(anonymous_29)
FN:279,(anonymous_30)
FN:285,(anonymous_31)
FN:288,(anonymous_32)
FN:293,(anonymous_33)
FN:309,(anonymous_34)
FN:318,(anonymous_35)
FN:337,(anonymous_36)
FN:339,(anonymous_37)
FN:345,(anonymous_38)
FN:347,(anonymous_39)
FN:353,(anonymous_40)
FN:355,(anonymous_41)
FN:363,(anonymous_42)
FN:364,(anonymous_43)
FN:369,(anonymous_44)
FN:375,(anonymous_45)
FN:384,(anonymous_46)
FN:385,(anonymous_47)
FN:414,(anonymous_48)
FN:421,(anonymous_49)
FN:437,(anonymous_50)
FN:461,(anonymous_51)
FN:468,(anonymous_52)
FN:482,(anonymous_53)
FN:499,(anonymous_54)
FN:507,(anonymous_55)
FN:535,(anonymous_56)
FN:553,(anonymous_57)
FN:565,(anonymous_58)
FN:767,(anonymous_59)
FN:768,(anonymous_60)
FN:774,(anonymous_61)
FN:814,(anonymous_62)
FN:830,(anonymous_63)
FN:852,(anonymous_64)
FNF:65
FNH:0
FNDA:0,(anonymous_0)
FNDA:0,(anonymous_1)
FNDA:0,(anonymous_2)
FNDA:0,(anonymous_3)
FNDA:0,(anonymous_4)
FNDA:0,(anonymous_5)
FNDA:0,(anonymous_6)
FNDA:0,(anonymous_7)
FNDA:0,(anonymous_8)
FNDA:0,(anonymous_9)
FNDA:0,(anonymous_10)
FNDA:0,(anonymous_11)
FNDA:0,(anonymous_12)
FNDA:0,(anonymous_13)
FNDA:0,(anonymous_14)
FNDA:0,(anonymous_15)
FNDA:0,(anonymous_16)
FNDA:0,(anonymous_17)
FNDA:0,(anonymous_18)
FNDA:0,(anonymous_19)
FNDA:0,(anonymous_20)
FNDA:0,(anonymous_21)
FNDA:0,(anonymous_22)
FNDA:0,(anonymous_23)
FNDA:0,(anonymous_24)
FNDA:0,(anonymous_25)
FNDA:0,(anonymous_26)
FNDA:0,(anonymous_27)
FNDA:0,(anonymous_28)
FNDA:0,(anonymous_29)
FNDA:0,(anonymous_30)
FNDA:0,(anonymous_31)
FNDA:0,(anonymous_32)
FNDA:0,(anonymous_33)
FNDA:0,(anonymous_34)
FNDA:0,(anonymous_35)
FNDA:0,(anonymous_36)
FNDA:0,(anonymous_37)
FNDA:0,(anonymous_38)
FNDA:0,(anonymous_39)
FNDA:0,(anonymous_40)
FNDA:0,(anonymous_41)
FNDA:0,(anonymous_42)
FNDA:0,(anonymous_43)
FNDA:0,(anonymous_44)
FNDA:0,(anonymous_45)
FNDA:0,(anonymous_46)
FNDA:0,(anonymous_47)
FNDA:0,(anonymous_48)
FNDA:0,(anonymous_49)
FNDA:0,(anonymous_50)
FNDA:0,(anonymous_51)
FNDA:0,(anonymous_52)
FNDA:0,(anonymous_53)
FNDA:0,(anonymous_54)
FNDA:0,(anonymous_55)
FNDA:0,(anonymous_56)
FNDA:0,(anonymous_57)
FNDA:0,(anonymous_58)
FNDA:0,(anonymous_59)
FNDA:0,(anonymous_60)
FNDA:0,(anonymous_61)
FNDA:0,(anonymous_62)
FNDA:0,(anonymous_63)
FNDA:0,(anonymous_64)
DA:32,0
DA:33,0
DA:34,0
DA:35,0
DA:37,0
DA:38,0
DA:39,0
DA:40,0
DA:41,0
DA:42,0
DA:43,0
DA:44,0
DA:45,0
DA:46,0
DA:47,0
DA:48,0
DA:49,0
DA:50,0
DA:51,0
DA:52,0
DA:53,0
DA:54,0
DA:55,0
DA:56,0
DA:57,0
DA:58,0
DA:59,0
DA:60,0
DA:61,0
DA:62,0
DA:63,0
DA:64,0
DA:65,0
DA:66,0
DA:67,0
DA:68,0
DA:69,0
DA:70,0
DA:71,0
DA:72,0
DA:75,0
DA:76,0
DA:77,0
DA:78,0
DA:79,0
DA:80,0
DA:82,0
DA:84,0
DA:86,0
DA:90,0
DA:91,0
DA:92,0
DA:94,0
DA:96,0
DA:101,0
DA:102,0
DA:106,0
DA:107,0
DA:108,0
DA:109,0
DA:110,0
DA:112,0
DA:113,0
DA:115,0
DA:120,0
DA:121,0
DA:122,0
DA:123,0
DA:126,0
DA:127,0
DA:128,0
DA:129,0
DA:131,0
DA:133,0
DA:134,0
DA:135,0
DA:136,0
DA:139,0
DA:147,0
DA:150,0
DA:151,0
DA:152,0
DA:153,0
DA:154,0
DA:157,0
DA:158,0
DA:159,0
DA:160,0
DA:161,0
DA:164,0
DA:165,0
DA:169,0
DA:170,0
DA:171,0
DA:172,0
DA:173,0
DA:175,0
DA:176,0
DA:177,0
DA:183,0
DA:184,0
DA:185,0
DA:186,0
DA:187,0
DA:188,0
DA:189,0
DA:191,0
DA:195,0
DA:196,0
DA:197,0
DA:198,0
DA:199,0
DA:202,0
DA:203,0
DA:205,0
DA:206,0
DA:207,0
DA:208,0
DA:209,0
DA:210,0
DA:211,0
DA:212,0
DA:213,0
DA:216,0
DA:218,0
DA:221,0
DA:222,0
DA:223,0
DA:224,0
DA:225,0
DA:226,0
DA:227,0
DA:228,0
DA:231,0
DA:232,0
DA:233,0
DA:234,0
DA:235,0
DA:239,0
DA:240,0
DA:241,0
DA:242,0
DA:243,0
DA:244,0
DA:248,0
DA:249,0
DA:250,0
DA:251,0
DA:252,0
DA:253,0
DA:254,0
DA:255,0
DA:258,0
DA:260,0
DA:263,0
DA:264,0
DA:268,0
DA:269,0
DA:270,0
DA:271,0
DA:273,0
DA:274,0
DA:275,0
DA:279,0
DA:280,0
DA:281,0
DA:282,0
DA:285,0
DA:286,0
DA:287,0
DA:288,0
DA:290,0
DA:291,0
DA:292,0
DA:293,0
DA:294,0
DA:297,0
DA:298,0
DA:301,0
DA:302,0
DA:304,0
DA:306,0
DA:309,0
DA:310,0
DA:311,0
DA:312,0
DA:315,0
DA:317,0
DA:319,0
DA:329,0
DA:330,0
DA:331,0
DA:333,0
DA:337,0
DA:338,0
DA:339,0
DA:340,0
DA:341,0
DA:345,0
DA:346,0
DA:347,0
DA:348,0
DA:349,0
DA:353,0
DA:354,0
DA:355,0
DA:356,0
DA:357,0
DA:358,0
DA:363,0
DA:364,0
DA:365,0
DA:369,0
DA:370,0
DA:372,0
DA:375,0
DA:376,0
DA:377,0
DA:378,0
DA:379,0
DA:381,0
DA:384,0
DA:385,0
DA:414,0
DA:421,0
DA:433,0
DA:437,0
DA:462,0
DA:463,0
DA:468,0
DA:482,0
DA:499,0
DA:507,0
DA:536,0
DA:537,0
DA:553,0
DA:566,0
DA:567,0
DA:568,0
DA:767,0
DA:769,0
DA:774,0
DA:814,0
DA:831,0
DA:832,0
DA:852,0
DA:876,0
LF:247
LH:0
BRDA:123,0,0,0
BRDA:123,0,1,0
BRDA:127,1,0,0
BRDA:127,1,1,0
BRDA:127,2,0,0
BRDA:127,2,1,0
BRDA:127,2,2,0
BRDA:134,3,0,0
BRDA:134,3,1,0
BRDA:157,4,0,0
BRDA:157,4,1,0
BRDA:170,5,0,0
BRDA:170,5,1,0
BRDA:171,6,0,0
BRDA:171,6,1,0
BRDA:171,7,0,0
BRDA:171,7,1,0
BRDA:171,7,2,0
BRDA:183,8,0,0
BRDA:183,8,1,0
BRDA:197,9,0,0
BRDA:197,9,1,0
BRDA:203,10,0,0
BRDA:203,10,1,0
BRDA:227,11,0,0
BRDA:227,11,1,0
BRDA:249,12,0,0
BRDA:249,12,1,0
BRDA:252,13,0,0
BRDA:252,13,1,0
BRDA:254,14,0,0
BRDA:254,14,1,0
BRDA:264,15,0,0
BRDA:264,15,1,0
BRDA:269,16,0,0
BRDA:269,16,1,0
BRDA:291,17,0,0
BRDA:291,17,1,0
BRDA:304,18,0,0
BRDA:304,18,1,0
BRDA:310,19,0,0
BRDA:310,19,1,0
BRDA:324,20,0,0
BRDA:324,20,1,0
BRDA:365,21,0,0
BRDA:365,21,1,0
BRDA:378,22,0,0
BRDA:378,22,1,0
BRDA:389,23,0,0
BRDA:389,23,1,0
BRDA:390,24,0,0
BRDA:390,24,1,0
BRDA:395,25,0,0
BRDA:395,25,1,0
BRDA:398,26,0,0
BRDA:398,26,1,0
BRDA:400,27,0,0
BRDA:400,27,1,0
BRDA:410,28,0,0
BRDA:410,28,1,0
BRDA:410,28,2,0
BRDA:444,29,0,0
BRDA:444,29,1,0
BRDA:445,30,0,0
BRDA:445,30,1,0
BRDA:451,31,0,0
BRDA:451,31,1,0
BRDA:476,32,0,0
BRDA:476,32,1,0
BRDA:485,33,0,0
BRDA:485,33,1,0
BRDA:495,34,0,0
BRDA:495,34,1,0
BRDA:510,35,0,0
BRDA:510,35,1,0
BRDA:515,36,0,0
BRDA:515,36,1,0
BRDA:522,37,0,0
BRDA:522,37,1,0
BRDA:533,38,0,0
BRDA:533,38,1,0
BRDA:536,39,0,0
BRDA:536,39,1,0
BRDA:560,40,0,0
BRDA:560,40,1,0
BRDA:567,41,0,0
BRDA:567,41,1,0
BRDA:585,42,0,0
BRDA:585,42,1,0
BRDA:772,43,0,0
BRDA:772,43,1,0
BRDA:778,44,0,0
BRDA:778,44,1,0
BRDA:781,45,0,0
BRDA:781,45,1,0
BRDA:799,46,0,0
BRDA:799,46,1,0
BRF:97
BRH:0
end_of_record
TN:
SF:src\components\instructor\ClassManager.tsx
FN:38,(anonymous_0)
FN:73,(anonymous_1)
FN:77,(anonymous_2)
FN:80,(anonymous_3)
FN:85,(anonymous_4)
FN:97,(anonymous_5)
FN:98,(anonymous_6)
FN:109,(anonymous_7)
FN:111,(anonymous_8)
FN:112,(anonymous_9)
FN:149,(anonymous_10)
FN:150,(anonymous_11)
FN:153,(anonymous_12)
FN:164,(anonymous_13)
FN:173,(anonymous_14)
FN:176,(anonymous_15)
FN:189,(anonymous_16)
FN:221,(anonymous_17)
FN:231,(anonymous_18)
FN:236,(anonymous_19)
FN:238,(anonymous_20)
FN:245,(anonymous_21)
FN:247,(anonymous_22)
FN:255,(anonymous_23)
FN:260,(anonymous_24)
FN:266,(anonymous_25)
FN:272,(anonymous_26)
FN:281,(anonymous_27)
FN:291,(anonymous_28)
FN:298,(anonymous_29)
FN:305,(anonymous_30)
FN:306,(anonymous_31)
FN:318,(anonymous_32)
FN:330,(anonymous_33)
FN:337,(anonymous_34)
FN:363,(anonymous_35)
FN:375,(anonymous_36)
FN:398,(anonymous_37)
FN:412,(anonymous_38)
FN:413,(anonymous_39)
FN:419,(anonymous_40)
FN:427,(anonymous_41)
FN:433,(anonymous_42)
FN:474,(anonymous_43)
FN:494,(anonymous_44)
FN:537,(anonymous_45)
FN:554,(anonymous_46)
FN:566,(anonymous_47)
FN:591,(anonymous_48)
FN:600,(anonymous_49)
FN:629,(anonymous_50)
FN:650,(anonymous_51)
FN:657,(anonymous_52)
FN:671,(anonymous_53)
FN:678,(anonymous_54)
FN:722,(anonymous_55)
FNF:56
FNH:0
FNDA:0,(anonymous_0)
FNDA:0,(anonymous_1)
FNDA:0,(anonymous_2)
FNDA:0,(anonymous_3)
FNDA:0,(anonymous_4)
FNDA:0,(anonymous_5)
FNDA:0,(anonymous_6)
FNDA:0,(anonymous_7)
FNDA:0,(anonymous_8)
FNDA:0,(anonymous_9)
FNDA:0,(anonymous_10)
FNDA:0,(anonymous_11)
FNDA:0,(anonymous_12)
FNDA:0,(anonymous_13)
FNDA:0,(anonymous_14)
FNDA:0,(anonymous_15)
FNDA:0,(anonymous_16)
FNDA:0,(anonymous_17)
FNDA:0,(anonymous_18)
FNDA:0,(anonymous_19)
FNDA:0,(anonymous_20)
FNDA:0,(anonymous_21)
FNDA:0,(anonymous_22)
FNDA:0,(anonymous_23)
FNDA:0,(anonymous_24)
FNDA:0,(anonymous_25)
FNDA:0,(anonymous_26)
FNDA:0,(anonymous_27)
FNDA:0,(anonymous_28)
FNDA:0,(anonymous_29)
FNDA:0,(anonymous_30)
FNDA:0,(anonymous_31)
FNDA:0,(anonymous_32)
FNDA:0,(anonymous_33)
FNDA:0,(anonymous_34)
FNDA:0,(anonymous_35)
FNDA:0,(anonymous_36)
FNDA:0,(anonymous_37)
FNDA:0,(anonymous_38)
FNDA:0,(anonymous_39)
FNDA:0,(anonymous_40)
FNDA:0,(anonymous_41)
FNDA:0,(anonymous_42)
FNDA:0,(anonymous_43)
FNDA:0,(anonymous_44)
FNDA:0,(anonymous_45)
FNDA:0,(anonymous_46)
FNDA:0,(anonymous_47)
FNDA:0,(anonymous_48)
FNDA:0,(anonymous_49)
FNDA:0,(anonymous_50)
FNDA:0,(anonymous_51)
FNDA:0,(anonymous_52)
FNDA:0,(anonymous_53)
FNDA:0,(anonymous_54)
FNDA:0,(anonymous_55)
DA:38,0
DA:39,0
DA:40,0
DA:41,0
DA:42,0
DA:43,0
DA:51,0
DA:52,0
DA:53,0
DA:54,0
DA:55,0
DA:56,0
DA:57,0
DA:58,0
DA:59,0
DA:60,0
DA:61,0
DA:62,0
DA:63,0
DA:64,0
DA:65,0
DA:66,0
DA:67,0
DA:68,0
DA:69,0
DA:70,0
DA:71,0
DA:73,0
DA:74,0
DA:77,0
DA:78,0
DA:79,0
DA:80,0
DA:81,0
DA:85,0
DA:86,0
DA:87,0
DA:88,0
DA:89,0
DA:91,0
DA:93,0
DA:97,0
DA:98,0
DA:99,0
DA:100,0
DA:101,0
DA:103,0
DA:105,0
DA:109,0
DA:110,0
DA:111,0
DA:112,0
DA:114,0
DA:115,0
DA:116,0
DA:119,0
DA:120,0
DA:121,0
DA:124,0
DA:132,0
DA:135,0
DA:143,0
DA:144,0
DA:145,0
DA:146,0
DA:149,0
DA:150,0
DA:153,0
DA:154,0
DA:155,0
DA:156,0
DA:157,0
DA:158,0
DA:159,0
DA:160,0
DA:161,0
DA:164,0
DA:165,0
DA:166,0
DA:167,0
DA:169,0
DA:173,0
DA:174,0
DA:175,0
DA:176,0
DA:178,0
DA:179,0
DA:180,0
DA:181,0
DA:182,0
DA:184,0
DA:186,0
DA:189,0
DA:190,0
DA:191,0
DA:192,0
DA:193,0
DA:196,0
DA:205,0
DA:206,0
DA:207,0
DA:209,0
DA:210,0
DA:213,0
DA:214,0
DA:215,0
DA:217,0
DA:221,0
DA:222,0
DA:223,0
DA:224,0
DA:225,0
DA:226,0
DA:227,0
DA:228,0
DA:231,0
DA:232,0
DA:233,0
DA:236,0
DA:237,0
DA:238,0
DA:239,0
DA:240,0
DA:241,0
DA:245,0
DA:247,0
DA:248,0
DA:249,0
DA:250,0
DA:252,0
DA:255,0
DA:256,0
DA:257,0
DA:258,0
DA:260,0
DA:261,0
DA:262,0
DA:266,0
DA:267,0
DA:268,0
DA:269,0
DA:272,0
DA:273,0
DA:281,0
DA:282,0
DA:291,0
DA:298,0
DA:299,0
DA:301,0
DA:306,0
DA:307,0
DA:308,0
DA:310,0
DA:319,0
DA:320,0
DA:330,0
DA:331,0
DA:332,0
DA:334,0
DA:337,0
DA:364,0
DA:365,0
DA:376,0
DA:399,0
DA:400,0
DA:412,0
DA:413,0
DA:419,0
DA:421,0
DA:422,0
DA:423,0
DA:427,0
DA:428,0
DA:433,0
DA:444,0
DA:474,0
DA:495,0
DA:496,0
DA:537,0
DA:554,0
DA:567,0
DA:568,0
DA:569,0
DA:591,0
DA:600,0
DA:629,0
DA:650,0
DA:657,0
DA:671,0
DA:678,0
DA:722,0
DA:741,0
LF:192
LH:0
BRDA:91,0,0,0
BRDA:91,0,1,0
BRDA:100,1,0,0
BRDA:100,1,1,0
BRDA:114,2,0,0
BRDA:114,2,1,0
BRDA:119,3,0,0
BRDA:119,3,1,0
BRDA:119,4,0,0
BRDA:119,4,1,0
BRDA:127,5,0,0
BRDA:127,5,1,0
BRDA:129,6,0,0
BRDA:129,6,1,0
BRDA:169,7,0,0
BRDA:169,7,1,0
BRDA:184,8,0,0
BRDA:184,8,1,0
BRDA:191,9,0,0
BRDA:191,9,1,0
BRDA:205,10,0,0
BRDA:205,10,1,0
BRDA:217,11,0,0
BRDA:217,11,1,0
BRDA:252,12,0,0
BRDA:252,12,1,0
BRDA:256,13,0,0
BRDA:256,13,1,0
BRDA:299,14,0,0
BRDA:299,14,1,0
BRDA:307,15,0,0
BRDA:307,15,1,0
BRDA:340,16,0,0
BRDA:340,16,1,0
BRDA:346,17,0,0
BRDA:346,17,1,0
BRDA:349,18,0,0
BRDA:349,18,1,0
BRDA:351,19,0,0
BRDA:351,19,1,0
BRDA:360,20,0,0
BRDA:360,20,1,0
BRDA:364,21,0,0
BRDA:364,21,1,0
BRDA:373,22,0,0
BRDA:373,22,1,0
BRDA:399,23,0,0
BRDA:399,23,1,0
BRDA:422,24,0,0
BRDA:422,24,1,0
BRDA:431,25,0,0
BRDA:431,25,1,0
BRDA:437,26,0,0
BRDA:437,26,1,0
BRDA:449,27,0,0
BRDA:449,27,1,0
BRDA:455,28,0,0
BRDA:455,28,1,0
BRDA:468,29,0,0
BRDA:468,29,1,0
BRDA:481,30,0,0
BRDA:481,30,1,0
BRDA:492,31,0,0
BRDA:492,31,1,0
BRDA:495,32,0,0
BRDA:495,32,1,0
BRDA:523,33,0,0
BRDA:523,33,1,0
BRDA:561,34,0,0
BRDA:561,34,1,0
BRDA:568,35,0,0
BRDA:568,35,1,0
BRDA:655,36,0,0
BRDA:655,36,1,0
BRDA:676,37,0,0
BRDA:676,37,1,0
BRF:76
BRH:0
end_of_record
TN:
SF:src\components\instructor\QRGenerator.tsx
FN:17,(anonymous_0)
FN:28,(anonymous_1)
FN:50,(anonymous_2)
FN:112,(anonymous_3)
FNF:4
FNH:0
FNDA:0,(anonymous_0)
FNDA:0,(anonymous_1)
FNDA:0,(anonymous_2)
FNDA:0,(anonymous_3)
DA:17,0
DA:24,0
DA:25,0
DA:26,0
DA:28,0
DA:29,0
DA:31,0
DA:33,0
DA:44,0
DA:45,0
DA:46,0
DA:50,0
DA:51,0
DA:54,0
DA:58,0
DA:60,0
DA:61,0
DA:65,0
DA:112,0
DA:142,0
LF:20
LH:0
BRDA:29,0,0,0
BRDA:29,0,1,0
BRDA:37,1,0,0
BRDA:37,1,1,0
BRDA:106,2,0,0
BRDA:106,2,1,0
BRDA:119,3,0,0
BRDA:119,3,1,0
BRF:8
BRH:0
end_of_record
TN:
SF:src\components\instructor\QuickViewClasses.tsx
FN:31,(anonymous_0)
FN:36,(anonymous_1)
FN:42,(anonymous_2)
FN:54,(anonymous_3)
FN:55,(anonymous_4)
FN:66,(anonymous_5)
FN:72,(anonymous_6)
FN:82,(anonymous_7)
FN:133,(anonymous_8)
FNF:9
FNH:0
FNDA:0,(anonymous_0)
FNDA:0,(anonymous_1)
FNDA:0,(anonymous_2)
FNDA:0,(anonymous_3)
FNDA:0,(anonymous_4)
FNDA:0,(anonymous_5)
FNDA:0,(anonymous_6)
FNDA:0,(anonymous_7)
FNDA:0,(anonymous_8)
DA:31,0
DA:32,0
DA:33,0
DA:34,0
DA:36,0
DA:37,0
DA:38,0
DA:42,0
DA:43,0
DA:44,0
DA:45,0
DA:46,0
DA:48,0
DA:50,0
DA:54,0
DA:55,0
DA:56,0
DA:57,0
DA:58,0
DA:60,0
DA:62,0
DA:66,0
DA:67,0
DA:69,0
DA:72,0
DA:83,0
DA:102,0
DA:133,0
DA:143,0
LF:29
LH:0
BRDA:37,0,0,0
BRDA:37,0,1,0
BRDA:57,1,0,0
BRDA:57,1,1,0
BRDA:80,2,0,0
BRDA:80,2,1,0
BRDA:127,3,0,0
BRDA:127,3,1,0
BRF:8
BRH:0
end_of_record
TN:
SF:src\components\instructor\QuickViewUsers.tsx
FN:22,(anonymous_0)
FN:27,(anonymous_1)
FN:33,(anonymous_2)
FN:45,(anonymous_3)
FN:46,(anonymous_4)
FN:57,(anonymous_5)
FN:63,(anonymous_6)
FN:115,(anonymous_7)
FNF:8
FNH:0
FNDA:0,(anonymous_0)
FNDA:0,(anonymous_1)
FNDA:0,(anonymous_2)
FNDA:0,(anonymous_3)
FNDA:0,(anonymous_4)
FNDA:0,(anonymous_5)
FNDA:0,(anonymous_6)
FNDA:0,(anonymous_7)
DA:22,0
DA:23,0
DA:24,0
DA:25,0
DA:27,0
DA:28,0
DA:29,0
DA:33,0
DA:34,0
DA:35,0
DA:36,0
DA:37,0
DA:39,0
DA:41,0
DA:45,0
DA:46,0
DA:47,0
DA:48,0
DA:49,0
DA:51,0
DA:53,0
DA:57,0
DA:58,0
DA:60,0
DA:63,0
DA:84,0
DA:115,0
DA:125,0
LF:28
LH:0
BRDA:28,0,0,0
BRDA:28,0,1,0
BRDA:48,1,0,0
BRDA:48,1,1,0
BRDA:73,2,0,0
BRDA:73,2,1,0
BRDA:109,3,0,0
BRDA:109,3,1,0
BRF:8
BRH:0
end_of_record
TN:
SF:src\components\instructor\SubjectDetailsCard.tsx
FN:40,(anonymous_0)
FN:48,(anonymous_1)
FN:54,(anonymous_2)
FN:66,(anonymous_3)
FN:138,(anonymous_4)
FN:169,(anonymous_5)
FNF:6
FNH:0
FNDA:0,(anonymous_0)
FNDA:0,(anonymous_1)
FNDA:0,(anonymous_2)
FNDA:0,(anonymous_3)
FNDA:0,(anonymous_4)
FNDA:0,(anonymous_5)
DA:40,0
DA:45,0
DA:46,0
DA:48,0
DA:49,0
DA:50,0
DA:54,0
DA:55,0
DA:56,0
DA:57,0
DA:58,0
DA:60,0
DA:62,0
DA:66,0
DA:67,0
DA:70,0
DA:139,0
DA:170,0
DA:200,0
LF:19
LH:0
BRDA:49,0,0,0
BRDA:49,0,1,0
BRDA:111,1,0,0
BRDA:111,1,1,0
BRDA:116,2,0,0
BRDA:116,2,1,0
BRDA:122,3,0,0
BRDA:122,3,1,0
BRDA:132,4,0,0
BRDA:132,4,1,0
BRDA:132,4,2,0
BRDA:162,5,0,0
BRDA:162,5,1,0
BRDA:177,6,0,0
BRDA:177,6,1,0
BRDA:179,7,0,0
BRDA:179,7,1,0
BRDA:182,8,0,0
BRDA:182,8,1,0
BRF:19
BRH:0
end_of_record
TN:
SF:src\components\instructor\SubjectSelectionDrawer.tsx
FN:33,(anonymous_0)
FN:40,(anonymous_1)
FN:44,(anonymous_2)
FN:82,(anonymous_3)
FN:83,(anonymous_4)
FN:89,(anonymous_5)
FNF:6
FNH:0
FNDA:0,(anonymous_0)
FNDA:0,(anonymous_1)
FNDA:0,(anonymous_2)
FNDA:0,(anonymous_3)
FNDA:0,(anonymous_4)
FNDA:0,(anonymous_5)
DA:33,0
DA:40,0
DA:41,0
DA:44,0
DA:45,0
DA:50,0
DA:82,0
DA:84,0
DA:89,0
DA:109,0
LF:10
LH:0
BRDA:41,0,0,0
BRDA:41,0,1,0
BRDA:45,1,0,0
BRDA:45,1,1,0
BRDA:87,2,0,0
BRDA:87,2,1,0
BRDA:94,3,0,0
BRDA:94,3,1,0
BRF:8
BRH:0
end_of_record
TN:
SF:src\components\student\MyClasses.tsx
FN:44,(anonymous_0)
FN:56,(anonymous_1)
FN:62,(anonymous_2)
FN:69,(anonymous_3)
FN:71,(anonymous_4)
FN:96,(anonymous_5)
FN:105,(anonymous_6)
FN:111,(anonymous_7)
FN:127,(anonymous_8)
FN:139,(anonymous_9)
FN:146,(anonymous_10)
FN:163,(anonymous_11)
FN:177,(anonymous_12)
FN:211,(anonymous_13)
FN:222,(anonymous_14)
FN:267,(anonymous_15)
FN:276,(anonymous_16)
FN:293,(anonymous_17)
FN:309,(anonymous_18)
FNF:19
FNH:0
FNDA:0,(anonymous_0)
FNDA:0,(anonymous_1)
FNDA:0,(anonymous_2)
FNDA:0,(anonymous_3)
FNDA:0,(anonymous_4)
FNDA:0,(anonymous_5)
FNDA:0,(anonymous_6)
FNDA:0,(anonymous_7)
FNDA:0,(anonymous_8)
FNDA:0,(anonymous_9)
FNDA:0,(anonymous_10)
FNDA:0,(anonymous_11)
FNDA:0,(anonymous_12)
FNDA:0,(anonymous_13)
FNDA:0,(anonymous_14)
FNDA:0,(anonymous_15)
FNDA:0,(anonymous_16)
FNDA:0,(anonymous_17)
FNDA:0,(anonymous_18)
DA:44,0
DA:45,0
DA:46,0
DA:47,0
DA:48,0
DA:49,0
DA:50,0
DA:51,0
DA:52,0
DA:53,0
DA:54,0
DA:56,0
DA:57,0
DA:58,0
DA:62,0
DA:63,0
DA:64,0
DA:65,0
DA:68,0
DA:70,0
DA:71,0
DA:73,0
DA:75,0
DA:80,0
DA:91,0
DA:96,0
DA:97,0
DA:99,0
DA:101,0
DA:105,0
DA:106,0
DA:107,0
DA:108,0
DA:109,0
DA:110,0
DA:111,0
DA:119,0
DA:121,0
DA:123,0
DA:127,0
DA:128,0
DA:129,0
DA:130,0
DA:131,0
DA:132,0
DA:133,0
DA:134,0
DA:135,0
DA:139,0
DA:140,0
DA:141,0
DA:142,0
DA:144,0
DA:146,0
DA:147,0
DA:148,0
DA:149,0
DA:150,0
DA:153,0
DA:157,0
DA:158,0
DA:160,0
DA:163,0
DA:164,0
DA:165,0
DA:171,0
DA:177,0
DA:212,0
DA:213,0
DA:215,0
DA:222,0
DA:268,0
DA:277,0
DA:293,0
DA:309,0
DA:320,0
LF:76
LH:0
BRDA:57,0,0,0
BRDA:57,0,1,0
BRDA:73,1,0,0
BRDA:73,1,1,0
BRDA:83,2,0,0
BRDA:83,2,1,0
BRDA:84,3,0,0
BRDA:84,3,1,0
BRDA:85,4,0,0
BRDA:85,4,1,0
BRDA:128,5,0,0
BRDA:128,5,1,0
BRDA:128,5,2,0
BRDA:128,5,3,0
BRDA:128,5,4,0
BRDA:128,5,5,0
BRDA:128,5,6,0
BRDA:144,6,0,0
BRDA:144,6,1,0
BRDA:148,7,0,0
BRDA:148,7,1,0
BRDA:148,8,0,0
BRDA:148,8,1,0
BRDA:149,9,0,0
BRDA:149,9,1,0
BRDA:149,10,0,0
BRDA:149,10,1,0
BRDA:160,11,0,0
BRDA:160,11,1,0
BRDA:164,12,0,0
BRDA:164,12,1,0
BRDA:166,13,0,0
BRDA:166,13,1,0
BRDA:198,14,0,0
BRDA:198,14,1,0
BRDA:203,15,0,0
BRDA:203,15,1,0
BRDA:220,16,0,0
BRDA:220,16,1,0
BRDA:229,17,0,0
BRDA:229,17,1,0
BRDA:237,18,0,0
BRDA:237,18,1,0
BRDA:237,19,0,0
BRDA:237,19,1,0
BRDA:240,20,0,0
BRDA:240,20,1,0
BRDA:240,21,0,0
BRDA:240,21,1,0
BRDA:242,22,0,0
BRDA:242,22,1,0
BRDA:245,23,0,0
BRDA:245,23,1,0
BRDA:256,24,0,0
BRDA:256,24,1,0
BRDA:257,25,0,0
BRDA:257,25,1,0
BRDA:284,26,0,0
BRDA:284,26,1,0
BRF:59
BRH:0
end_of_record
TN:
SF:src\components\student\QRScanner.tsx
FN:45,(anonymous_0)
FN:67,(anonymous_1)
FN:69,(anonymous_2)
FN:83,(anonymous_3)
FN:84,(anonymous_4)
FN:105,(anonymous_5)
FN:106,(anonymous_6)
FN:125,(anonymous_7)
FN:126,(anonymous_8)
FN:134,(anonymous_9)
FN:168,(anonymous_10)
FN:176,(anonymous_11)
FN:181,(anonymous_12)
FN:190,(anonymous_13)
FN:213,(anonymous_14)
FN:224,(anonymous_15)
FN:235,(anonymous_16)
FN:256,(anonymous_17)
FN:265,(anonymous_18)
FN:273,(anonymous_19)
FN:281,(anonymous_20)
FN:320,(anonymous_21)
FN:336,(anonymous_22)
FN:385,(anonymous_23)
FN:424,(anonymous_24)
FN:441,(anonymous_25)
FN:446,(anonymous_26)
FN:511,(anonymous_27)
FN:525,(anonymous_28)
FN:529,(anonymous_29)
FN:541,(anonymous_30)
FN:545,(anonymous_31)
FN:675,(anonymous_32)
FNF:33
FNH:0
FNDA:0,(anonymous_0)
FNDA:0,(anonymous_1)
FNDA:0,(anonymous_2)
FNDA:0,(anonymous_3)
FNDA:0,(anonymous_4)
FNDA:0,(anonymous_5)
FNDA:0,(anonymous_6)
FNDA:0,(anonymous_7)
FNDA:0,(anonymous_8)
FNDA:0,(anonymous_9)
FNDA:0,(anonymous_10)
FNDA:0,(anonymous_11)
FNDA:0,(anonymous_12)
FNDA:0,(anonymous_13)
FNDA:0,(anonymous_14)
FNDA:0,(anonymous_15)
FNDA:0,(anonymous_16)
FNDA:0,(anonymous_17)
FNDA:0,(anonymous_18)
FNDA:0,(anonymous_19)
FNDA:0,(anonymous_20)
FNDA:0,(anonymous_21)
FNDA:0,(anonymous_22)
FNDA:0,(anonymous_23)
FNDA:0,(anonymous_24)
FNDA:0,(anonymous_25)
FNDA:0,(anonymous_26)
FNDA:0,(anonymous_27)
FNDA:0,(anonymous_28)
FNDA:0,(anonymous_29)
FNDA:0,(anonymous_30)
FNDA:0,(anonymous_31)
FNDA:0,(anonymous_32)
DA:45,0
DA:46,0
DA:47,0
DA:48,0
DA:49,0
DA:50,0
DA:51,0
DA:52,0
DA:53,0
DA:54,0
DA:55,0
DA:56,0
DA:59,0
DA:60,0
DA:61,0
DA:63,0
DA:64,0
DA:65,0
DA:67,0
DA:68,0
DA:69,0
DA:70,0
DA:71,0
DA:72,0
DA:73,0
DA:77,0
DA:78,0
DA:83,0
DA:84,0
DA:85,0
DA:86,0
DA:87,0
DA:88,0
DA:89,0
DA:91,0
DA:92,0
DA:98,0
DA:102,0
DA:105,0
DA:106,0
DA:107,0
DA:108,0
DA:109,0
DA:110,0
DA:111,0
DA:112,0
DA:114,0
DA:115,0
DA:118,0
DA:119,0
DA:125,0
DA:126,0
DA:127,0
DA:128,0
DA:134,0
DA:140,0
DA:142,0
DA:143,0
DA:146,0
DA:147,0
DA:149,0
DA:159,0
DA:162,0
DA:165,0
DA:168,0
DA:169,0
DA:172,0
DA:176,0
DA:177,0
DA:178,0
DA:181,0
DA:182,0
DA:183,0
DA:184,0
DA:185,0
DA:187,0
DA:188,0
DA:190,0
DA:191,0
DA:192,0
DA:193,0
DA:194,0
DA:195,0
DA:197,0
DA:198,0
DA:199,0
DA:201,0
DA:203,0
DA:205,0
DA:206,0
DA:210,0
DA:211,0
DA:212,0
DA:213,0
DA:218,0
DA:224,0
DA:225,0
DA:226,0
DA:229,0
DA:230,0
DA:231,0
DA:235,0
DA:236,0
DA:238,0
DA:239,0
DA:240,0
DA:244,0
DA:245,0
DA:246,0
DA:249,0
DA:250,0
DA:251,0
DA:253,0
DA:254,0
DA:255,0
DA:256,0
DA:257,0
DA:261,0
DA:262,0
DA:263,0
DA:264,0
DA:265,0
DA:266,0
DA:269,0
DA:270,0
DA:271,0
DA:272,0
DA:273,0
DA:274,0
DA:277,0
DA:278,0
DA:279,0
DA:280,0
DA:281,0
DA:282,0
DA:286,0
DA:287,0
DA:288,0
DA:289,0
DA:290,0
DA:291,0
DA:294,0
DA:297,0
DA:304,0
DA:305,0
DA:306,0
DA:307,0
DA:313,0
DA:319,0
DA:320,0
DA:321,0
DA:324,0
DA:325,0
DA:326,0
DA:327,0
DA:328,0
DA:329,0
DA:333,0
DA:334,0
DA:335,0
DA:336,0
DA:337,0
DA:344,0
DA:348,0
DA:350,0
DA:356,0
DA:357,0
DA:367,0
DA:369,0
DA:370,0
DA:371,0
DA:372,0
DA:373,0
DA:376,0
DA:384,0
DA:385,0
DA:386,0
DA:390,0
DA:393,0
DA:394,0
DA:397,0
DA:398,0
DA:399,0
DA:401,0
DA:402,0
DA:403,0
DA:404,0
DA:405,0
DA:406,0
DA:407,0
DA:408,0
DA:409,0
DA:410,0
DA:411,0
DA:412,0
DA:413,0
DA:414,0
DA:417,0
DA:418,0
DA:424,0
DA:434,0
DA:438,0
DA:439,0
DA:440,0
DA:441,0
DA:446,0
DA:447,0
DA:448,0
DA:451,0
DA:452,0
DA:455,0
DA:458,0
DA:459,0
DA:467,0
DA:470,0
DA:472,0
DA:473,0
DA:476,0
DA:482,0
DA:484,0
DA:486,0
DA:488,0
DA:489,0
DA:490,0
DA:493,0
DA:494,0
DA:495,0
DA:498,0
DA:503,0
DA:507,0
DA:511,0
DA:512,0
DA:513,0
DA:514,0
DA:517,0
DA:518,0
DA:521,0
DA:525,0
DA:526,0
DA:529,0
DA:530,0
DA:531,0
DA:532,0
DA:534,0
DA:535,0
DA:536,0
DA:537,0
DA:541,0
DA:542,0
DA:545,0
DA:546,0
DA:548,0
DA:549,0
DA:580,0
DA:596,0
DA:676,0
DA:677,0
DA:721,0
LF:258
LH:0
BRDA:68,0,0,0
BRDA:68,0,1,0
BRDA:88,1,0,0
BRDA:88,1,1,0
BRDA:110,2,0,0
BRDA:110,2,1,0
BRDA:110,3,0,0
BRDA:110,3,1,0
BRDA:127,4,0,0
BRDA:127,4,1,0
BRDA:143,5,0,0
BRDA:143,5,1,0
BRDA:182,6,0,0
BRDA:182,6,1,0
BRDA:185,7,0,0
BRDA:185,7,1,0
BRDA:197,8,0,0
BRDA:197,8,1,0
BRDA:203,9,0,0
BRDA:203,9,1,0
BRDA:229,10,0,0
BRDA:229,10,1,0
BRDA:238,11,0,0
BRDA:238,11,1,0
BRDA:238,12,0,0
BRDA:238,12,1,0
BRDA:261,13,0,0
BRDA:261,13,1,0
BRDA:261,14,0,0
BRDA:261,14,1,0
BRDA:261,14,2,0
BRDA:269,15,0,0
BRDA:269,15,1,0
BRDA:277,16,0,0
BRDA:277,16,1,0
BRDA:289,17,0,0
BRDA:289,17,1,0
BRDA:289,18,0,0
BRDA:289,18,1,0
BRDA:289,18,2,0
BRDA:305,19,0,0
BRDA:305,19,1,0
BRDA:315,20,0,0
BRDA:315,20,1,0
BRDA:316,21,0,0
BRDA:316,21,1,0
BRDA:316,21,2,0
BRDA:327,22,0,0
BRDA:327,22,1,0
BRDA:328,23,0,0
BRDA:328,23,1,0
BRDA:328,23,2,0
BRDA:334,24,0,0
BRDA:334,24,1,0
BRDA:334,25,0,0
BRDA:334,25,1,0
BRDA:334,25,2,0
BRDA:372,26,0,0
BRDA:372,26,1,0
BRDA:373,27,0,0
BRDA:373,27,1,0
BRDA:373,27,2,0
BRDA:378,28,0,0
BRDA:378,28,1,0
BRDA:379,29,0,0
BRDA:379,29,1,0
BRDA:379,29,2,0
BRDA:401,30,0,0
BRDA:401,30,1,0
BRDA:401,31,0,0
BRDA:401,31,1,0
BRDA:405,32,0,0
BRDA:405,32,1,0
BRDA:405,33,0,0
BRDA:405,33,1,0
BRDA:407,34,0,0
BRDA:407,34,1,0
BRDA:407,35,0,0
BRDA:407,35,1,0
BRDA:409,36,0,0
BRDA:409,36,1,0
BRDA:411,37,0,0
BRDA:411,37,1,0
BRDA:411,38,0,0
BRDA:411,38,1,0
BRDA:413,39,0,0
BRDA:413,39,1,0
BRDA:417,40,0,0
BRDA:417,40,1,0
BRDA:447,41,0,0
BRDA:447,41,1,0
BRDA:484,42,0,0
BRDA:484,42,1,0
BRDA:489,43,0,0
BRDA:489,43,1,0
BRDA:494,44,0,0
BRDA:494,44,1,0
BRDA:512,45,0,0
BRDA:512,45,1,0
BRDA:517,46,0,0
BRDA:517,46,1,0
BRDA:530,47,0,0
BRDA:530,47,1,0
BRDA:546,48,0,0
BRDA:546,48,1,0
BRDA:548,49,0,0
BRDA:548,49,1,0
BRDA:625,50,0,0
BRDA:625,50,1,0
BRDA:629,51,0,0
BRDA:629,51,1,0
BRDA:642,52,0,0
BRDA:642,52,1,0
BRDA:653,53,0,0
BRDA:653,53,1,0
BRDA:660,54,0,0
BRDA:660,54,1,0
BRDA:669,55,0,0
BRDA:669,55,1,0
BRDA:670,56,0,0
BRDA:670,56,1,0
BRDA:670,56,2,0
BRDA:690,57,0,0
BRDA:690,57,1,0
BRDA:696,58,0,0
BRDA:696,58,1,0
BRDA:698,59,0,0
BRDA:698,59,1,0
BRDA:698,60,0,0
BRDA:698,60,1,0
BRDA:698,61,0,0
BRDA:698,61,1,0
BRDA:707,62,0,0
BRDA:707,62,1,0
BRF:134
BRH:0
end_of_record
TN:
SF:src\components\student\StudentList.tsx
FN:35,(anonymous_0)
FN:43,(anonymous_1)
FN:102,(anonymous_2)
FNF:3
FNH:0
FNDA:0,(anonymous_0)
FNDA:0,(anonymous_1)
FNDA:0,(anonymous_2)
DA:35,0
DA:43,0
DA:44,0
DA:45,0
DA:47,0
DA:64,0
DA:102,0
DA:118,0
LF:8
LH:0
BRDA:44,0,0,0
BRDA:44,0,1,0
BRDA:44,0,2,0
BRDA:45,1,0,0
BRDA:45,1,1,0
BRDA:92,2,0,0
BRDA:92,2,1,0
BRDA:96,3,0,0
BRDA:96,3,1,0
BRDA:98,4,0,0
BRDA:98,4,1,0
BRDA:98,5,0,0
BRDA:98,5,1,0
BRF:13
BRH:0
end_of_record
TN:
SF:src\components\student\StudentRecord.tsx
FN:52,(anonymous_0)
FN:63,(anonymous_1)
FN:69,(anonymous_2)
FN:87,(anonymous_3)
FN:102,(anonymous_4)
FN:132,(anonymous_5)
FN:143,(anonymous_6)
FN:157,(anonymous_7)
FN:242,(anonymous_8)
FNF:9
FNH:0
FNDA:0,(anonymous_0)
FNDA:0,(anonymous_1)
FNDA:0,(anonymous_2)
FNDA:0,(anonymous_3)
FNDA:0,(anonymous_4)
FNDA:0,(anonymous_5)
FNDA:0,(anonymous_6)
FNDA:0,(anonymous_7)
FNDA:0,(anonymous_8)
DA:52,0
DA:53,0
DA:54,0
DA:55,0
DA:56,0
DA:57,0
DA:63,0
DA:64,0
DA:65,0
DA:69,0
DA:70,0
DA:71,0
DA:74,0
DA:75,0
DA:76,0
DA:79,0
DA:87,0
DA:102,0
DA:103,0
DA:106,0
DA:109,0
DA:110,0
DA:111,0
DA:113,0
DA:126,0
DA:128,0
DA:132,0
DA:133,0
DA:135,0
DA:137,0
DA:139,0
DA:143,0
DA:144,0
DA:151,0
DA:157,0
DA:243,0
DA:294,0
LF:37
LH:0
BRDA:64,0,0,0
BRDA:64,0,1,0
BRDA:109,1,0,0
BRDA:109,1,1,0
BRDA:110,2,0,0
BRDA:110,2,1,0
BRDA:111,3,0,0
BRDA:111,3,1,0
BRDA:117,4,0,0
BRDA:117,4,1,0
BRDA:121,5,0,0
BRDA:121,5,1,0
BRDA:133,6,0,0
BRDA:133,6,1,0
BRDA:133,6,2,0
BRDA:230,7,0,0
BRDA:230,7,1,0
BRDA:235,8,0,0
BRDA:235,8,1,0
BRDA:247,9,0,0
BRDA:247,9,1,0
BRDA:270,10,0,0
BRDA:270,10,1,0
BRDA:273,11,0,0
BRDA:273,11,1,0
BRDA:278,12,0,0
BRDA:278,12,1,0
BRF:27
BRH:0
end_of_record
TN:
SF:src\context\AuthContext.tsx
FN:25,(anonymous_0)
FN:62,(anonymous_1)
FN:79,(anonymous_2)
FN:95,(anonymous_3)
FN:101,(anonymous_4)
FN:102,(anonymous_5)
FN:127,(anonymous_6)
FN:164,(anonymous_7)
FN:191,(anonymous_8)
FNF:9
FNH:0
FNDA:0,(anonymous_0)
FNDA:0,(anonymous_1)
FNDA:0,(anonymous_2)
FNDA:0,(anonymous_3)
FNDA:0,(anonymous_4)
FNDA:0,(anonymous_5)
FNDA:0,(anonymous_6)
FNDA:0,(anonymous_7)
FNDA:0,(anonymous_8)
DA:22,0
DA:25,0
DA:26,0
DA:30,0
DA:31,0
DA:32,0
DA:36,0
DA:37,0
DA:38,0
DA:42,0
DA:43,0
DA:44,0
DA:45,0
DA:46,0
DA:49,0
DA:51,0
DA:54,0
DA:56,0
DA:57,0
DA:62,0
DA:63,0
DA:65,0
DA:66,0
DA:69,0
DA:70,0
DA:71,0
DA:74,0
DA:79,0
DA:80,0
DA:82,0
DA:83,0
DA:86,0
DA:87,0
DA:88,0
DA:91,0
DA:95,0
DA:96,0
DA:97,0
DA:98,0
DA:101,0
DA:102,0
DA:103,0
DA:104,0
DA:105,0
DA:107,0
DA:108,0
DA:110,0
DA:111,0
DA:115,0
DA:117,0
DA:119,0
DA:123,0
DA:127,0
DA:128,0
DA:129,0
DA:130,0
DA:131,0
DA:133,0
DA:134,0
DA:136,0
DA:137,0
DA:141,0
DA:142,0
DA:143,0
DA:144,0
DA:146,0
DA:147,0
DA:150,0
DA:151,0
DA:152,0
DA:153,0
DA:155,0
DA:156,0
DA:157,0
DA:158,0
DA:159,0
DA:164,0
DA:165,0
DA:166,0
DA:167,0
DA:168,0
DA:169,0
DA:171,0
DA:173,0
DA:174,0
DA:175,0
DA:177,0
DA:179,0
DA:183,0
DA:191,0
DA:192,0
DA:193,0
DA:194,0
DA:196,0
LF:94
LH:0
BRDA:30,0,0,0
BRDA:30,0,1,0
BRDA:36,1,0,0
BRDA:36,1,1,0
BRDA:36,2,0,0
BRDA:36,2,1,0
BRDA:42,3,0,0
BRDA:42,3,1,0
BRDA:42,4,0,0
BRDA:42,4,1,0
BRDA:42,4,2,0
BRDA:42,4,3,0
BRDA:45,5,0,0
BRDA:45,5,1,0
BRDA:45,6,0,0
BRDA:45,6,1,0
BRDA:69,7,0,0
BRDA:69,7,1,0
BRDA:86,8,0,0
BRDA:86,8,1,0
BRDA:105,9,0,0
BRDA:105,9,1,0
BRDA:110,10,0,0
BRDA:110,10,1,0
BRDA:136,11,0,0
BRDA:136,11,1,0
BRDA:136,12,0,0
BRDA:136,12,1,0
BRDA:136,12,2,0
BRDA:142,13,0,0
BRDA:142,13,1,0
BRDA:157,14,0,0
BRDA:157,14,1,0
BRDA:173,15,0,0
BRDA:173,15,1,0
BRDA:173,16,0,0
BRDA:173,16,1,0
BRDA:193,17,0,0
BRDA:193,17,1,0
BRF:39
BRH:0
end_of_record
TN:
SF:src\navigation\AdminNavigator.tsx
FN:20,(anonymous_0)
FN:32,(anonymous_1)
FN:36,(anonymous_2)
FN:47,(anonymous_3)
FN:55,(anonymous_4)
FN:61,(anonymous_5)
FN:64,(anonymous_6)
FN:69,(anonymous_7)
FN:83,(anonymous_8)
FN:93,(anonymous_9)
FN:103,(anonymous_10)
FN:107,(anonymous_11)
FN:113,(anonymous_12)
FN:119,(anonymous_13)
FN:133,(anonymous_14)
FN:176,(anonymous_15)
FN:185,(anonymous_16)
FN:194,(anonymous_17)
FN:203,(anonymous_18)
FN:235,(anonymous_19)
FN:240,(anonymous_20)
FN:255,(anonymous_21)
FN:271,(anonymous_22)
FNF:23
FNH:0
FNDA:0,(anonymous_0)
FNDA:0,(anonymous_1)
FNDA:0,(anonymous_2)
FNDA:0,(anonymous_3)
FNDA:0,(anonymous_4)
FNDA:0,(anonymous_5)
FNDA:0,(anonymous_6)
FNDA:0,(anonymous_7)
FNDA:0,(anonymous_8)
FNDA:0,(anonymous_9)
FNDA:0,(anonymous_10)
FNDA:0,(anonymous_11)
FNDA:0,(anonymous_12)
FNDA:0,(anonymous_13)
FNDA:0,(anonymous_14)
FNDA:0,(anonymous_15)
FNDA:0,(anonymous_16)
FNDA:0,(anonymous_17)
FNDA:0,(anonymous_18)
FNDA:0,(anonymous_19)
FNDA:0,(anonymous_20)
FNDA:0,(anonymous_21)
FNDA:0,(anonymous_22)
DA:16,0
DA:18,0
DA:20,0
DA:21,0
DA:22,0
DA:23,0
DA:24,0
DA:25,0
DA:26,0
DA:27,0
DA:28,0
DA:29,0
DA:32,0
DA:33,0
DA:36,0
DA:37,0
DA:38,0
DA:39,0
DA:40,0
DA:43,0
DA:47,0
DA:48,0
DA:49,0
DA:51,0
DA:55,0
DA:56,0
DA:57,0
DA:61,0
DA:62,0
DA:63,0
DA:64,0
DA:65,0
DA:69,0
DA:70,0
DA:71,0
DA:72,0
DA:73,0
DA:74,0
DA:77,0
DA:78,0
DA:79,0
DA:82,0
DA:83,0
DA:84,0
DA:85,0
DA:86,0
DA:87,0
DA:89,0
DA:93,0
DA:94,0
DA:95,0
DA:96,0
DA:97,0
DA:99,0
DA:103,0
DA:104,0
DA:107,0
DA:108,0
DA:109,0
DA:110,0
DA:113,0
DA:116,0
DA:119,0
DA:120,0
DA:121,0
DA:127,0
DA:128,0
DA:129,0
DA:133,0
DA:134,0
DA:137,0
DA:176,0
DA:185,0
DA:194,0
DA:203,0
DA:235,0
DA:240,0
DA:255,0
DA:256,0
DA:271,0
DA:298,0
LF:81
LH:0
BRDA:39,0,0,0
BRDA:39,0,1,0
BRDA:56,1,0,0
BRDA:56,1,1,0
BRDA:71,2,0,0
BRDA:71,2,1,0
BRDA:72,3,0,0
BRDA:72,3,1,0
BRDA:77,4,0,0
BRDA:77,4,1,0
BRDA:144,5,0,0
BRDA:144,5,1,0
BRDA:147,6,0,0
BRDA:147,6,1,0
BRDA:162,7,0,0
BRDA:162,7,1,0
BRDA:163,8,0,0
BRDA:163,8,1,0
BRDA:164,9,0,0
BRDA:164,9,1,0
BRDA:243,10,0,0
BRDA:243,10,1,0
BRF:22
BRH:0
end_of_record
TN:
SF:src\navigation\InstructorNavigator.tsx
FN:28,(anonymous_0)
FN:41,(anonymous_1)
FN:46,(anonymous_2)
FN:49,(anonymous_3)
FN:57,(anonymous_4)
FN:58,(anonymous_5)
FN:108,(anonymous_6)
FN:113,(anonymous_7)
FN:114,(anonymous_8)
FN:117,(anonymous_9)
FN:118,(anonymous_10)
FN:119,(anonymous_11)
FN:125,(anonymous_12)
FN:136,(anonymous_13)
FN:144,(anonymous_14)
FN:150,(anonymous_15)
FN:153,(anonymous_16)
FN:158,(anonymous_17)
FN:172,(anonymous_18)
FN:182,(anonymous_19)
FN:192,(anonymous_20)
FN:196,(anonymous_21)
FN:201,(anonymous_22)
FN:204,(anonymous_23)
FN:218,(anonymous_24)
FN:261,(anonymous_25)
FN:271,(anonymous_26)
FN:285,(anonymous_27)
FN:294,(anonymous_28)
FN:326,(anonymous_29)
FN:331,(anonymous_30)
FN:336,(anonymous_31)
FN:353,(anonymous_32)
FN:369,(anonymous_33)
FNF:34
FNH:0
FNDA:0,(anonymous_0)
FNDA:0,(anonymous_1)
FNDA:0,(anonymous_2)
FNDA:0,(anonymous_3)
FNDA:0,(anonymous_4)
FNDA:0,(anonymous_5)
FNDA:0,(anonymous_6)
FNDA:0,(anonymous_7)
FNDA:0,(anonymous_8)
FNDA:0,(anonymous_9)
FNDA:0,(anonymous_10)
FNDA:0,(anonymous_11)
FNDA:0,(anonymous_12)
FNDA:0,(anonymous_13)
FNDA:0,(anonymous_14)
FNDA:0,(anonymous_15)
FNDA:0,(anonymous_16)
FNDA:0,(anonymous_17)
FNDA:0,(anonymous_18)
FNDA:0,(anonymous_19)
FNDA:0,(anonymous_20)
FNDA:0,(anonymous_21)
FNDA:0,(anonymous_22)
FNDA:0,(anonymous_23)
FNDA:0,(anonymous_24)
FNDA:0,(anonymous_25)
FNDA:0,(anonymous_26)
FNDA:0,(anonymous_27)
FNDA:0,(anonymous_28)
FNDA:0,(anonymous_29)
FNDA:0,(anonymous_30)
FNDA:0,(anonymous_31)
FNDA:0,(anonymous_32)
FNDA:0,(anonymous_33)
DA:15,0
DA:17,0
DA:28,0
DA:29,0
DA:30,0
DA:31,0
DA:32,0
DA:33,0
DA:34,0
DA:35,0
DA:36,0
DA:37,0
DA:38,0
DA:39,0
DA:41,0
DA:42,0
DA:43,0
DA:45,0
DA:46,0
DA:49,0
DA:50,0
DA:51,0
DA:52,0
DA:55,0
DA:57,0
DA:58,0
DA:59,0
DA:60,0
DA:61,0
DA:62,0
DA:64,0
DA:72,0
DA:80,0
DA:81,0
DA:86,0
DA:87,0
DA:88,0
DA:89,0
DA:90,0
DA:91,0
DA:92,0
DA:93,0
DA:94,0
DA:96,0
DA:99,0
DA:108,0
DA:110,0
DA:113,0
DA:114,0
DA:117,0
DA:118,0
DA:119,0
DA:120,0
DA:125,0
DA:126,0
DA:127,0
DA:128,0
DA:129,0
DA:132,0
DA:136,0
DA:137,0
DA:138,0
DA:140,0
DA:144,0
DA:145,0
DA:146,0
DA:150,0
DA:151,0
DA:152,0
DA:153,0
DA:154,0
DA:158,0
DA:159,0
DA:160,0
DA:161,0
DA:162,0
DA:163,0
DA:166,0
DA:167,0
DA:168,0
DA:171,0
DA:172,0
DA:173,0
DA:174,0
DA:175,0
DA:176,0
DA:178,0
DA:182,0
DA:183,0
DA:184,0
DA:185,0
DA:186,0
DA:188,0
DA:192,0
DA:193,0
DA:196,0
DA:197,0
DA:198,0
DA:199,0
DA:201,0
DA:202,0
DA:204,0
DA:205,0
DA:206,0
DA:212,0
DA:213,0
DA:214,0
DA:218,0
DA:219,0
DA:222,0
DA:261,0
DA:271,0
DA:285,0
DA:294,0
DA:326,0
DA:331,0
DA:336,0
DA:353,0
DA:354,0
DA:369,0
DA:382,0
LF:121
LH:0
BRDA:55,0,0,0
BRDA:55,0,1,0
BRDA:61,1,0,0
BRDA:61,1,1,0
BRDA:61,2,0,0
BRDA:61,2,1,0
BRDA:62,3,0,0
BRDA:62,3,1,0
BRDA:62,4,0,0
BRDA:62,4,1,0
BRDA:86,5,0,0
BRDA:86,5,1,0
BRDA:86,6,0,0
BRDA:86,6,1,0
BRDA:88,7,0,0
BRDA:88,7,1,0
BRDA:89,8,0,0
BRDA:89,8,1,0
BRDA:89,9,0,0
BRDA:89,9,1,0
BRDA:92,10,0,0
BRDA:92,10,1,0
BRDA:92,11,0,0
BRDA:92,11,1,0
BRDA:120,12,0,0
BRDA:120,12,1,0
BRDA:128,13,0,0
BRDA:128,13,1,0
BRDA:145,14,0,0
BRDA:145,14,1,0
BRDA:160,15,0,0
BRDA:160,15,1,0
BRDA:161,16,0,0
BRDA:161,16,1,0
BRDA:166,17,0,0
BRDA:166,17,1,0
BRDA:229,18,0,0
BRDA:229,18,1,0
BRDA:232,19,0,0
BRDA:232,19,1,0
BRDA:247,20,0,0
BRDA:247,20,1,0
BRDA:248,21,0,0
BRDA:248,21,1,0
BRDA:249,22,0,0
BRDA:249,22,1,0
BRDA:275,23,0,0
BRDA:275,23,1,0
BRDA:341,24,0,0
BRDA:341,24,1,0
BRF:50
BRH:0
end_of_record
TN:
SF:src\navigation\StudentNavigator.tsx
FN:28,(anonymous_0)
FN:41,(anonymous_1)
FN:46,(anonymous_2)
FN:49,(anonymous_3)
FN:53,(anonymous_4)
FN:54,(anonymous_5)
FN:104,(anonymous_6)
FN:109,(anonymous_7)
FN:110,(anonymous_8)
FN:113,(anonymous_9)
FN:114,(anonymous_10)
FN:115,(anonymous_11)
FN:121,(anonymous_12)
FN:132,(anonymous_13)
FN:140,(anonymous_14)
FN:146,(anonymous_15)
FN:149,(anonymous_16)
FN:154,(anonymous_17)
FN:168,(anonymous_18)
FN:178,(anonymous_19)
FN:188,(anonymous_20)
FN:192,(anonymous_21)
FN:197,(anonymous_22)
FN:200,(anonymous_23)
FN:214,(anonymous_24)
FN:257,(anonymous_25)
FN:267,(anonymous_26)
FN:281,(anonymous_27)
FN:290,(anonymous_28)
FN:322,(anonymous_29)
FN:327,(anonymous_30)
FN:332,(anonymous_31)
FN:349,(anonymous_32)
FN:365,(anonymous_33)
FNF:34
FNH:0
FNDA:0,(anonymous_0)
FNDA:0,(anonymous_1)
FNDA:0,(anonymous_2)
FNDA:0,(anonymous_3)
FNDA:0,(anonymous_4)
FNDA:0,(anonymous_5)
FNDA:0,(anonymous_6)
FNDA:0,(anonymous_7)
FNDA:0,(anonymous_8)
FNDA:0,(anonymous_9)
FNDA:0,(anonymous_10)
FNDA:0,(anonymous_11)
FNDA:0,(anonymous_12)
FNDA:0,(anonymous_13)
FNDA:0,(anonymous_14)
FNDA:0,(anonymous_15)
FNDA:0,(anonymous_16)
FNDA:0,(anonymous_17)
FNDA:0,(anonymous_18)
FNDA:0,(anonymous_19)
FNDA:0,(anonymous_20)
FNDA:0,(anonymous_21)
FNDA:0,(anonymous_22)
FNDA:0,(anonymous_23)
FNDA:0,(anonymous_24)
FNDA:0,(anonymous_25)
FNDA:0,(anonymous_26)
FNDA:0,(anonymous_27)
FNDA:0,(anonymous_28)
FNDA:0,(anonymous_29)
FNDA:0,(anonymous_30)
FNDA:0,(anonymous_31)
FNDA:0,(anonymous_32)
FNDA:0,(anonymous_33)
DA:15,0
DA:17,0
DA:28,0
DA:29,0
DA:30,0
DA:31,0
DA:32,0
DA:33,0
DA:34,0
DA:35,0
DA:36,0
DA:37,0
DA:38,0
DA:39,0
DA:41,0
DA:42,0
DA:43,0
DA:45,0
DA:46,0
DA:49,0
DA:50,0
DA:51,0
DA:53,0
DA:54,0
DA:55,0
DA:56,0
DA:57,0
DA:58,0
DA:60,0
DA:68,0
DA:76,0
DA:77,0
DA:82,0
DA:83,0
DA:84,0
DA:85,0
DA:86,0
DA:87,0
DA:88,0
DA:89,0
DA:90,0
DA:92,0
DA:95,0
DA:104,0
DA:106,0
DA:109,0
DA:110,0
DA:113,0
DA:114,0
DA:115,0
DA:116,0
DA:121,0
DA:122,0
DA:123,0
DA:124,0
DA:125,0
DA:128,0
DA:132,0
DA:133,0
DA:134,0
DA:136,0
DA:140,0
DA:141,0
DA:142,0
DA:146,0
DA:147,0
DA:148,0
DA:149,0
DA:150,0
DA:154,0
DA:155,0
DA:156,0
DA:157,0
DA:158,0
DA:159,0
DA:162,0
DA:163,0
DA:164,0
DA:167,0
DA:168,0
DA:169,0
DA:170,0
DA:171,0
DA:172,0
DA:174,0
DA:178,0
DA:179,0
DA:180,0
DA:181,0
DA:182,0
DA:184,0
DA:188,0
DA:189,0
DA:192,0
DA:193,0
DA:194,0
DA:195,0
DA:197,0
DA:198,0
DA:200,0
DA:201,0
DA:202,0
DA:208,0
DA:209,0
DA:210,0
DA:214,0
DA:215,0
DA:218,0
DA:257,0
DA:267,0
DA:281,0
DA:290,0
DA:322,0
DA:327,0
DA:332,0
DA:349,0
DA:350,0
DA:365,0
DA:378,0
LF:119
LH:0
BRDA:51,0,0,0
BRDA:51,0,1,0
BRDA:57,1,0,0
BRDA:57,1,1,0
BRDA:57,2,0,0
BRDA:57,2,1,0
BRDA:58,3,0,0
BRDA:58,3,1,0
BRDA:58,4,0,0
BRDA:58,4,1,0
BRDA:82,5,0,0
BRDA:82,5,1,0
BRDA:82,6,0,0
BRDA:82,6,1,0
BRDA:84,7,0,0
BRDA:84,7,1,0
BRDA:85,8,0,0
BRDA:85,8,1,0
BRDA:85,9,0,0
BRDA:85,9,1,0
BRDA:88,10,0,0
BRDA:88,10,1,0
BRDA:88,11,0,0
BRDA:88,11,1,0
BRDA:116,12,0,0
BRDA:116,12,1,0
BRDA:124,13,0,0
BRDA:124,13,1,0
BRDA:141,14,0,0
BRDA:141,14,1,0
BRDA:156,15,0,0
BRDA:156,15,1,0
BRDA:157,16,0,0
BRDA:157,16,1,0
BRDA:162,17,0,0
BRDA:162,17,1,0
BRDA:225,18,0,0
BRDA:225,18,1,0
BRDA:228,19,0,0
BRDA:228,19,1,0
BRDA:243,20,0,0
BRDA:243,20,1,0
BRDA:244,21,0,0
BRDA:244,21,1,0
BRDA:245,22,0,0
BRDA:245,22,1,0
BRDA:271,23,0,0
BRDA:271,23,1,0
BRDA:337,24,0,0
BRDA:337,24,1,0
BRF:50
BRH:0
end_of_record
TN:
SF:src\navigation\types.ts
FNF:0
FNH:0
LF:0
LH:0
BRF:0
BRH:0
end_of_record
TN:
SF:src\screens\AdminScreen.tsx
FN:53,(anonymous_0)
FN:56,(anonymous_1)
FN:77,(anonymous_2)
FN:98,(anonymous_3)
FN:106,(anonymous_4)
FN:107,(anonymous_5)
FN:112,(anonymous_6)
FN:117,(anonymous_7)
FN:144,(anonymous_8)
FN:148,(anonymous_9)
FN:161,(anonymous_10)
FN:264,(anonymous_11)
FN:271,(anonymous_12)
FN:278,(anonymous_13)
FN:290,(anonymous_14)
FN:294,(anonymous_15)
FN:300,(anonymous_16)
FN:304,(anonymous_17)
FN:308,(anonymous_18)
FN:314,(anonymous_19)
FN:318,(anonymous_20)
FN:340,(anonymous_21)
FN:350,(anonymous_22)
FN:355,(anonymous_23)
FN:374,(anonymous_24)
FN:399,(anonymous_25)
FN:400,(anonymous_26)
FN:411,(anonymous_27)
FN:416,(anonymous_28)
FN:423,(anonymous_29)
FN:428,(anonymous_30)
FN:435,(anonymous_31)
FN:440,(anonymous_32)
FNF:33
FNH:0
FNDA:0,(anonymous_0)
FNDA:0,(anonymous_1)
FNDA:0,(anonymous_2)
FNDA:0,(anonymous_3)
FNDA:0,(anonymous_4)
FNDA:0,(anonymous_5)
FNDA:0,(anonymous_6)
FNDA:0,(anonymous_7)
FNDA:0,(anonymous_8)
FNDA:0,(anonymous_9)
FNDA:0,(anonymous_10)
FNDA:0,(anonymous_11)
FNDA:0,(anonymous_12)
FNDA:0,(anonymous_13)
FNDA:0,(anonymous_14)
FNDA:0,(anonymous_15)
FNDA:0,(anonymous_16)
FNDA:0,(anonymous_17)
FNDA:0,(anonymous_18)
FNDA:0,(anonymous_19)
FNDA:0,(anonymous_20)
FNDA:0,(anonymous_21)
FNDA:0,(anonymous_22)
FNDA:0,(anonymous_23)
FNDA:0,(anonymous_24)
FNDA:0,(anonymous_25)
FNDA:0,(anonymous_26)
FNDA:0,(anonymous_27)
FNDA:0,(anonymous_28)
FNDA:0,(anonymous_29)
FNDA:0,(anonymous_30)
FNDA:0,(anonymous_31)
FNDA:0,(anonymous_32)
DA:17,0
DA:19,0
DA:20,0
DA:21,0
DA:22,0
DA:53,0
DA:54,0
DA:56,0
DA:57,0
DA:64,0
DA:77,0
DA:78,0
DA:79,0
DA:80,0
DA:93,0
DA:94,0
DA:95,0
DA:96,0
DA:98,0
DA:99,0
DA:100,0
DA:101,0
DA:102,0
DA:105,0
DA:106,0
DA:107,0
DA:110,0
DA:111,0
DA:112,0
DA:113,0
DA:116,0
DA:117,0
DA:118,0
DA:119,0
DA:120,0
DA:121,0
DA:124,0
DA:126,0
DA:138,0
DA:140,0
DA:144,0
DA:145,0
DA:147,0
DA:148,0
DA:151,0
DA:152,0
DA:154,0
DA:161,0
DA:264,0
DA:271,0
DA:278,0
DA:290,0
DA:294,0
DA:300,0
DA:301,0
DA:304,0
DA:305,0
DA:308,0
DA:309,0
DA:310,0
DA:311,0
DA:312,0
DA:314,0
DA:315,0
DA:318,0
DA:319,0
DA:321,0
DA:322,0
DA:325,0
DA:326,0
DA:327,0
DA:330,0
DA:331,0
DA:333,0
DA:336,0
DA:340,0
DA:341,0
DA:347,0
DA:350,0
DA:352,0
DA:355,0
DA:356,0
DA:358,0
DA:360,0
DA:362,0
DA:364,0
DA:368,0
DA:374,0
DA:399,0
DA:401,0
DA:402,0
DA:403,0
DA:412,0
DA:416,0
DA:424,0
DA:428,0
DA:436,0
DA:440,0
DA:461,0
LF:99
LH:0
BRDA:53,0,0,0
BRDA:58,1,0,0
BRDA:58,1,1,0
BRDA:68,2,0,0
BRDA:68,2,1,0
BRDA:70,3,0,0
BRDA:70,3,1,0
BRDA:118,4,0,0
BRDA:118,4,1,0
BRDA:119,5,0,0
BRDA:119,5,1,0
BRDA:120,6,0,0
BRDA:120,6,1,0
BRDA:138,7,0,0
BRDA:138,7,1,0
BRDA:151,8,0,0
BRDA:151,8,1,0
BRDA:152,9,0,0
BRDA:152,9,1,0
BRDA:168,10,0,0
BRDA:168,10,1,0
BRDA:192,11,0,0
BRDA:192,11,1,0
BRDA:229,12,0,0
BRDA:229,12,1,0
BRDA:325,13,0,0
BRDA:325,13,1,0
BRDA:325,14,0,0
BRDA:325,14,1,0
BRDA:325,14,2,0
BRDA:330,15,0,0
BRDA:330,15,1,0
BRDA:330,16,0,0
BRDA:330,16,1,0
BRDA:330,16,2,0
BRDA:356,17,0,0
BRDA:356,17,1,0
BRDA:356,17,2,0
BRDA:356,17,3,0
BRF:39
BRH:0
end_of_record
TN:
SF:src\screens\App.tsx
FN:19,(anonymous_0)
FN:24,(anonymous_1)
FN:25,(anonymous_2)
FN:39,(anonymous_3)
FN:49,(anonymous_4)
FNF:5
FNH:0
FNDA:0,(anonymous_0)
FNDA:0,(anonymous_1)
FNDA:0,(anonymous_2)
FNDA:0,(anonymous_3)
FNDA:0,(anonymous_4)
DA:16,0
DA:17,0
DA:19,0
DA:20,0
DA:21,0
DA:22,0
DA:24,0
DA:25,0
DA:26,0
DA:28,0
DA:29,0
DA:31,0
DA:34,0
DA:35,0
DA:36,0
DA:39,0
DA:40,0
DA:42,0
DA:43,0
DA:45,0
DA:49,0
DA:52,0
DA:53,0
DA:57,0
DA:60,0
DA:61,0
DA:68,0
DA:69,0
DA:73,0
DA:79,0
LF:30
LH:0
BRDA:28,0,0,0
BRDA:28,0,1,0
BRDA:34,1,0,0
BRDA:34,1,1,0
BRDA:42,2,0,0
BRDA:42,2,1,0
BRDA:60,3,0,0
BRDA:60,3,1,0
BRDA:68,4,0,0
BRDA:68,4,1,0
BRDA:68,5,0,0
BRDA:68,5,1,0
BRDA:73,6,0,0
BRDA:73,6,1,0
BRDA:74,7,0,0
BRDA:74,7,1,0
BRDA:75,8,0,0
BRDA:75,8,1,0
BRDA:89,9,0,0
BRDA:89,9,1,0
BRDA:93,10,0,0
BRDA:93,10,1,0
BRDA:99,11,0,0
BRDA:99,11,1,0
BRDA:105,12,0,0
BRDA:105,12,1,0
BRF:26
BRH:0
end_of_record
TN:
SF:src\screens\InstructorScreen.tsx
FN:32,(anonymous_0)
FN:35,(anonymous_1)
FN:56,(anonymous_2)
FN:74,(anonymous_3)
FN:79,(anonymous_4)
FN:91,(anonymous_5)
FN:97,(anonymous_6)
FN:98,(anonymous_7)
FN:112,(anonymous_8)
FN:131,(anonymous_9)
FN:132,(anonymous_10)
FN:147,(anonymous_11)
FN:159,(anonymous_12)
FN:160,(anonymous_13)
FN:174,(anonymous_14)
FN:212,(anonymous_15)
FN:221,(anonymous_16)
FN:243,(anonymous_17)
FN:299,(anonymous_18)
FN:301,(anonymous_19)
FN:337,(anonymous_20)
FN:366,(anonymous_21)
FN:373,(anonymous_22)
FN:380,(anonymous_23)
FN:392,(anonymous_24)
FN:401,(anonymous_25)
FN:409,(anonymous_26)
FN:422,(anonymous_27)
FN:430,(anonymous_28)
FN:435,(anonymous_29)
FN:457,(anonymous_30)
FN:476,(anonymous_31)
FN:486,(anonymous_32)
FN:491,(anonymous_33)
FN:510,(anonymous_34)
FN:535,(anonymous_35)
FN:536,(anonymous_36)
FN:546,(anonymous_37)
FN:551,(anonymous_38)
FN:554,(anonymous_39)
FN:560,(anonymous_40)
FN:565,(anonymous_41)
FN:572,(anonymous_42)
FN:577,(anonymous_43)
FNF:44
FNH:0
FNDA:0,(anonymous_0)
FNDA:0,(anonymous_1)
FNDA:0,(anonymous_2)
FNDA:0,(anonymous_3)
FNDA:0,(anonymous_4)
FNDA:0,(anonymous_5)
FNDA:0,(anonymous_6)
FNDA:0,(anonymous_7)
FNDA:0,(anonymous_8)
FNDA:0,(anonymous_9)
FNDA:0,(anonymous_10)
FNDA:0,(anonymous_11)
FNDA:0,(anonymous_12)
FNDA:0,(anonymous_13)
FNDA:0,(anonymous_14)
FNDA:0,(anonymous_15)
FNDA:0,(anonymous_16)
FNDA:0,(anonymous_17)
FNDA:0,(anonymous_18)
FNDA:0,(anonymous_19)
FNDA:0,(anonymous_20)
FNDA:0,(anonymous_21)
FNDA:0,(anonymous_22)
FNDA:0,(anonymous_23)
FNDA:0,(anonymous_24)
FNDA:0,(anonymous_25)
FNDA:0,(anonymous_26)
FNDA:0,(anonymous_27)
FNDA:0,(anonymous_28)
FNDA:0,(anonymous_29)
FNDA:0,(anonymous_30)
FNDA:0,(anonymous_31)
FNDA:0,(anonymous_32)
FNDA:0,(anonymous_33)
FNDA:0,(anonymous_34)
FNDA:0,(anonymous_35)
FNDA:0,(anonymous_36)
FNDA:0,(anonymous_37)
FNDA:0,(anonymous_38)
FNDA:0,(anonymous_39)
FNDA:0,(anonymous_40)
FNDA:0,(anonymous_41)
FNDA:0,(anonymous_42)
FNDA:0,(anonymous_43)
DA:19,0
DA:21,0
DA:22,0
DA:23,0
DA:24,0
DA:32,0
DA:33,0
DA:35,0
DA:36,0
DA:43,0
DA:56,0
DA:57,0
DA:58,0
DA:59,0
DA:60,0
DA:61,0
DA:62,0
DA:63,0
DA:64,0
DA:65,0
DA:72,0
DA:74,0
DA:75,0
DA:76,0
DA:79,0
DA:80,0
DA:81,0
DA:82,0
DA:83,0
DA:84,0
DA:85,0
DA:86,0
DA:87,0
DA:91,0
DA:92,0
DA:93,0
DA:94,0
DA:95,0
DA:97,0
DA:98,0
DA:99,0
DA:100,0
DA:103,0
DA:104,0
DA:105,0
DA:107,0
DA:112,0
DA:113,0
DA:114,0
DA:115,0
DA:116,0
DA:119,0
DA:120,0
DA:122,0
DA:123,0
DA:125,0
DA:128,0
DA:131,0
DA:132,0
DA:133,0
DA:134,0
DA:135,0
DA:136,0
DA:137,0
DA:140,0
DA:141,0
DA:142,0
DA:144,0
DA:147,0
DA:148,0
DA:150,0
DA:151,0
DA:152,0
DA:155,0
DA:158,0
DA:159,0
DA:160,0
DA:161,0
DA:162,0
DA:168,0
DA:174,0
DA:181,0
DA:188,0
DA:192,0
DA:200,0
DA:202,0
DA:212,0
DA:213,0
DA:214,0
DA:216,0
DA:217,0
DA:221,0
DA:222,0
DA:223,0
DA:224,0
DA:226,0
DA:233,0
DA:236,0
DA:243,0
DA:300,0
DA:301,0
DA:302,0
DA:305,0
DA:338,0
DA:366,0
DA:373,0
DA:380,0
DA:392,0
DA:401,0
DA:410,0
DA:411,0
DA:422,0
DA:423,0
DA:424,0
DA:425,0
DA:426,0
DA:427,0
DA:428,0
DA:430,0
DA:431,0
DA:432,0
DA:435,0
DA:436,0
DA:438,0
DA:439,0
DA:442,0
DA:443,0
DA:444,0
DA:447,0
DA:448,0
DA:450,0
DA:453,0
DA:457,0
DA:458,0
DA:459,0
DA:460,0
DA:461,0
DA:463,0
DA:465,0
DA:470,0
DA:476,0
DA:477,0
DA:483,0
DA:486,0
DA:488,0
DA:491,0
DA:492,0
DA:494,0
DA:496,0
DA:498,0
DA:500,0
DA:504,0
DA:510,0
DA:535,0
DA:537,0
DA:538,0
DA:539,0
DA:547,0
DA:551,0
DA:554,0
DA:561,0
DA:565,0
DA:573,0
DA:577,0
DA:598,0
LF:165
LH:0
BRDA:32,0,0,0
BRDA:37,1,0,0
BRDA:37,1,1,0
BRDA:47,2,0,0
BRDA:47,2,1,0
BRDA:49,3,0,0
BRDA:49,3,1,0
BRDA:80,4,0,0
BRDA:80,4,1,0
BRDA:80,4,2,0
BRDA:80,4,3,0
BRDA:80,4,4,0
BRDA:80,4,5,0
BRDA:80,4,6,0
BRDA:100,5,0,0
BRDA:100,5,1,0
BRDA:113,6,0,0
BRDA:113,6,1,0
BRDA:114,7,0,0
BRDA:114,7,1,0
BRDA:122,8,0,0
BRDA:122,8,1,0
BRDA:122,9,0,0
BRDA:122,9,1,0
BRDA:123,10,0,0
BRDA:123,10,1,0
BRDA:123,11,0,0
BRDA:123,11,1,0
BRDA:135,12,0,0
BRDA:135,12,1,0
BRDA:135,13,0,0
BRDA:135,13,1,0
BRDA:136,14,0,0
BRDA:136,14,1,0
BRDA:136,15,0,0
BRDA:136,15,1,0
BRDA:137,16,0,0
BRDA:137,16,1,0
BRDA:144,17,0,0
BRDA:144,17,1,0
BRDA:161,18,0,0
BRDA:161,18,1,0
BRDA:188,19,0,0
BRDA:188,19,1,0
BRDA:195,20,0,0
BRDA:195,20,1,0
BRDA:213,21,0,0
BRDA:213,21,1,0
BRDA:216,22,0,0
BRDA:216,22,1,0
BRDA:223,23,0,0
BRDA:223,23,1,0
BRDA:230,24,0,0
BRDA:230,24,1,0
BRDA:250,25,0,0
BRDA:250,25,1,0
BRDA:264,26,0,0
BRDA:264,26,1,0
BRDA:298,27,0,0
BRDA:298,27,1,0
BRDA:310,28,0,0
BRDA:310,28,1,0
BRDA:310,29,0,0
BRDA:310,29,1,0
BRDA:311,30,0,0
BRDA:311,30,1,0
BRDA:311,31,0,0
BRDA:311,31,1,0
BRDA:319,32,0,0
BRDA:319,32,1,0
BRDA:319,33,0,0
BRDA:319,33,1,0
BRDA:325,34,0,0
BRDA:325,34,1,0
BRDA:406,35,0,0
BRDA:406,35,1,0
BRDA:442,36,0,0
BRDA:442,36,1,0
BRDA:442,37,0,0
BRDA:442,37,1,0
BRDA:442,37,2,0
BRDA:447,38,0,0
BRDA:447,38,1,0
BRDA:447,39,0,0
BRDA:447,39,1,0
BRDA:447,39,2,0
BRDA:463,40,0,0
BRDA:463,40,1,0
BRDA:492,41,0,0
BRDA:492,41,1,0
BRDA:492,41,2,0
BRDA:492,41,3,0
BRF:92
BRH:0
end_of_record
TN:
SF:src\screens\Login.tsx
FN:12,(anonymous_0)
FN:25,(anonymous_1)
FN:28,(anonymous_2)
FN:43,(anonymous_3)
FN:48,(anonymous_4)
FN:64,(anonymous_5)
FN:86,(anonymous_6)
FN:90,(anonymous_7)
FNF:8
FNH:0
FNDA:0,(anonymous_0)
FNDA:0,(anonymous_1)
FNDA:0,(anonymous_2)
FNDA:0,(anonymous_3)
FNDA:0,(anonymous_4)
FNDA:0,(anonymous_5)
FNDA:0,(anonymous_6)
FNDA:0,(anonymous_7)
DA:12,0
DA:13,0
DA:14,0
DA:15,0
DA:16,0
DA:17,0
DA:18,0
DA:19,0
DA:20,0
DA:21,0
DA:22,0
DA:25,0
DA:26,0
DA:27,0
DA:28,0
DA:29,0
DA:30,0
DA:32,0
DA:33,0
DA:35,0
DA:36,0
DA:38,0
DA:39,0
DA:43,0
DA:48,0
DA:49,0
DA:56,0
DA:59,0
DA:64,0
DA:66,0
DA:67,0
DA:72,0
DA:75,0
DA:76,0
DA:77,0
DA:78,0
DA:80,0
DA:82,0
DA:86,0
DA:87,0
DA:90,0
DA:91,0
DA:94,0
DA:190,0
LF:44
LH:0
BRDA:26,0,0,0
BRDA:26,0,1,0
BRDA:26,1,0,0
BRDA:26,1,1,0
BRDA:30,2,0,0
BRDA:30,2,1,0
BRDA:30,2,2,0
BRDA:66,3,0,0
BRDA:66,3,1,0
BRDA:66,4,0,0
BRDA:66,4,1,0
BRDA:131,5,0,0
BRDA:131,5,1,0
BRDA:141,6,0,0
BRDA:141,6,1,0
BRDA:148,7,0,0
BRDA:148,7,1,0
BRDA:150,8,0,0
BRDA:150,8,1,0
BRF:19
BRH:0
end_of_record
TN:
SF:src\screens\SplashScreen.tsx
FN:5,(anonymous_0)
FN:10,(anonymous_1)
FN:41,(anonymous_2)
FNF:3
FNH:0
FNDA:0,(anonymous_0)
FNDA:0,(anonymous_1)
FNDA:0,(anonymous_2)
DA:5,0
DA:6,0
DA:7,0
DA:8,0
DA:10,0
DA:12,0
DA:21,0
DA:39,0
DA:41,0
DA:42,0
DA:46,0
DA:51,0
DA:75,0
LF:13
LH:0
BRF:0
BRH:0
end_of_record
TN:
SF:src\screens\StudentScreen.tsx
FN:33,(anonymous_0)
FN:36,(anonymous_1)
FN:80,(anonymous_2)
FN:103,(anonymous_3)
FN:111,(anonymous_4)
FN:148,(anonymous_5)
FN:154,(anonymous_6)
FN:176,(anonymous_7)
FN:184,(anonymous_8)
FN:198,(anonymous_9)
FN:200,(anonymous_10)
FN:207,(anonymous_11)
FN:214,(anonymous_12)
FN:215,(anonymous_13)
FN:221,(anonymous_14)
FN:242,(anonymous_15)
FN:254,(anonymous_16)
FN:262,(anonymous_17)
FN:266,(anonymous_18)
FN:283,(anonymous_19)
FN:296,(anonymous_20)
FN:318,(anonymous_21)
FN:398,(anonymous_22)
FN:405,(anonymous_23)
FN:464,(anonymous_24)
FN:482,(anonymous_25)
FN:513,(anonymous_26)
FN:520,(anonymous_27)
FN:526,(anonymous_28)
FN:534,(anonymous_29)
FN:548,(anonymous_30)
FN:556,(anonymous_31)
FN:570,(anonymous_32)
FN:576,(anonymous_33)
FN:580,(anonymous_34)
FN:602,(anonymous_35)
FN:612,(anonymous_36)
FN:617,(anonymous_37)
FN:649,(anonymous_38)
FN:650,(anonymous_39)
FN:661,(anonymous_40)
FN:666,(anonymous_41)
FN:673,(anonymous_42)
FN:678,(anonymous_43)
FN:685,(anonymous_44)
FN:690,(anonymous_45)
FNF:46
FNH:0
FNDA:0,(anonymous_0)
FNDA:0,(anonymous_1)
FNDA:0,(anonymous_2)
FNDA:0,(anonymous_3)
FNDA:0,(anonymous_4)
FNDA:0,(anonymous_5)
FNDA:0,(anonymous_6)
FNDA:0,(anonymous_7)
FNDA:0,(anonymous_8)
FNDA:0,(anonymous_9)
FNDA:0,(anonymous_10)
FNDA:0,(anonymous_11)
FNDA:0,(anonymous_12)
FNDA:0,(anonymous_13)
FNDA:0,(anonymous_14)
FNDA:0,(anonymous_15)
FNDA:0,(anonymous_16)
FNDA:0,(anonymous_17)
FNDA:0,(anonymous_18)
FNDA:0,(anonymous_19)
FNDA:0,(anonymous_20)
FNDA:0,(anonymous_21)
FNDA:0,(anonymous_22)
FNDA:0,(anonymous_23)
FNDA:0,(anonymous_24)
FNDA:0,(anonymous_25)
FNDA:0,(anonymous_26)
FNDA:0,(anonymous_27)
FNDA:0,(anonymous_28)
FNDA:0,(anonymous_29)
FNDA:0,(anonymous_30)
FNDA:0,(anonymous_31)
FNDA:0,(anonymous_32)
FNDA:0,(anonymous_33)
FNDA:0,(anonymous_34)
FNDA:0,(anonymous_35)
FNDA:0,(anonymous_36)
FNDA:0,(anonymous_37)
FNDA:0,(anonymous_38)
FNDA:0,(anonymous_39)
FNDA:0,(anonymous_40)
FNDA:0,(anonymous_41)
FNDA:0,(anonymous_42)
FNDA:0,(anonymous_43)
FNDA:0,(anonymous_44)
FNDA:0,(anonymous_45)
DA:20,0
DA:22,0
DA:23,0
DA:24,0
DA:25,0
DA:33,0
DA:34,0
DA:36,0
DA:37,0
DA:44,0
DA:80,0
DA:81,0
DA:82,0
DA:83,0
DA:84,0
DA:85,0
DA:86,0
DA:93,0
DA:94,0
DA:95,0
DA:96,0
DA:101,0
DA:103,0
DA:104,0
DA:105,0
DA:106,0
DA:108,0
DA:111,0
DA:112,0
DA:113,0
DA:116,0
DA:119,0
DA:120,0
DA:123,0
DA:131,0
DA:132,0
DA:133,0
DA:134,0
DA:135,0
DA:139,0
DA:148,0
DA:149,0
DA:151,0
DA:154,0
DA:155,0
DA:158,0
DA:160,0
DA:161,0
DA:162,0
DA:170,0
DA:172,0
DA:176,0
DA:177,0
DA:178,0
DA:179,0
DA:180,0
DA:181,0
DA:184,0
DA:185,0
DA:186,0
DA:187,0
DA:188,0
DA:189,0
DA:190,0
DA:191,0
DA:192,0
DA:197,0
DA:199,0
DA:200,0
DA:201,0
DA:206,0
DA:208,0
DA:214,0
DA:215,0
DA:216,0
DA:221,0
DA:222,0
DA:223,0
DA:224,0
DA:225,0
DA:227,0
DA:228,0
DA:230,0
DA:231,0
DA:233,0
DA:236,0
DA:238,0
DA:242,0
DA:243,0
DA:244,0
DA:245,0
DA:246,0
DA:248,0
DA:250,0
DA:254,0
DA:255,0
DA:256,0
DA:258,0
DA:262,0
DA:263,0
DA:264,0
DA:266,0
DA:267,0
DA:268,0
DA:269,0
DA:270,0
DA:273,0
DA:277,0
DA:278,0
DA:280,0
DA:283,0
DA:284,0
DA:286,0
DA:288,0
DA:290,0
DA:292,0
DA:296,0
DA:297,0
DA:304,0
DA:305,0
DA:312,0
DA:318,0
DA:398,0
DA:405,0
DA:465,0
DA:483,0
DA:513,0
DA:520,0
DA:526,0
DA:527,0
DA:528,0
DA:534,0
DA:548,0
DA:549,0
DA:550,0
DA:556,0
DA:570,0
DA:571,0
DA:572,0
DA:573,0
DA:574,0
DA:576,0
DA:577,0
DA:580,0
DA:581,0
DA:583,0
DA:584,0
DA:587,0
DA:588,0
DA:589,0
DA:592,0
DA:593,0
DA:595,0
DA:598,0
DA:602,0
DA:603,0
DA:609,0
DA:612,0
DA:614,0
DA:617,0
DA:618,0
DA:620,0
DA:622,0
DA:624,0
DA:626,0
DA:630,0
DA:649,0
DA:651,0
DA:652,0
DA:653,0
DA:662,0
DA:666,0
DA:674,0
DA:678,0
DA:686,0
DA:690,0
DA:711,0
LF:177
LH:0
BRDA:33,0,0,0
BRDA:38,1,0,0
BRDA:38,1,1,0
BRDA:48,2,0,0
BRDA:48,2,1,0
BRDA:50,3,0,0
BRDA:50,3,1,0
BRDA:104,4,0,0
BRDA:104,4,1,0
BRDA:131,5,0,0
BRDA:131,5,1,0
BRDA:132,6,0,0
BRDA:132,6,1,0
BRDA:133,7,0,0
BRDA:133,7,1,0
BRDA:134,8,0,0
BRDA:134,8,1,0
BRDA:135,9,0,0
BRDA:135,9,1,0
BRDA:158,10,0,0
BRDA:158,10,1,0
BRDA:160,11,0,0
BRDA:160,11,1,0
BRDA:160,12,0,0
BRDA:160,12,1,0
BRDA:160,12,2,0
BRDA:185,13,0,0
BRDA:185,13,1,0
BRDA:185,13,2,0
BRDA:185,13,3,0
BRDA:185,13,4,0
BRDA:185,13,5,0
BRDA:185,13,6,0
BRDA:201,14,0,0
BRDA:201,14,1,0
BRDA:208,15,0,0
BRDA:208,15,1,0
BRDA:208,15,2,0
BRDA:222,16,0,0
BRDA:222,16,1,0
BRDA:223,17,0,0
BRDA:223,17,1,0
BRDA:230,18,0,0
BRDA:230,18,1,0
BRDA:230,19,0,0
BRDA:230,19,1,0
BRDA:231,20,0,0
BRDA:231,20,1,0
BRDA:231,21,0,0
BRDA:231,21,1,0
BRDA:248,22,0,0
BRDA:248,22,1,0
BRDA:255,23,0,0
BRDA:255,23,1,0
BRDA:268,24,0,0
BRDA:268,24,1,0
BRDA:268,25,0,0
BRDA:268,25,1,0
BRDA:269,26,0,0
BRDA:269,26,1,0
BRDA:269,27,0,0
BRDA:269,27,1,0
BRDA:280,28,0,0
BRDA:280,28,1,0
BRDA:284,29,0,0
BRDA:284,29,1,0
BRDA:284,29,2,0
BRDA:284,29,3,0
BRDA:304,30,0,0
BRDA:304,30,1,0
BRDA:324,31,0,0
BRDA:324,31,1,0
BRDA:420,32,0,0
BRDA:420,32,1,0
BRDA:420,33,0,0
BRDA:420,33,1,0
BRDA:429,34,0,0
BRDA:429,34,1,0
BRDA:433,35,0,0
BRDA:433,35,1,0
BRDA:433,35,2,0
BRDA:463,36,0,0
BRDA:463,36,1,0
BRDA:469,37,0,0
BRDA:469,37,1,0
BRDA:475,38,0,0
BRDA:475,38,1,0
BRDA:587,39,0,0
BRDA:587,39,1,0
BRDA:587,40,0,0
BRDA:587,40,1,0
BRDA:587,40,2,0
BRDA:592,41,0,0
BRDA:592,41,1,0
BRDA:592,42,0,0
BRDA:592,42,1,0
BRDA:592,42,2,0
BRDA:618,43,0,0
BRDA:618,43,1,0
BRDA:618,43,2,0
BRDA:618,43,3,0
BRF:101
BRH:0
end_of_record
TN:
SF:src\services\api.ts
FN:10,(anonymous_0)
FN:27,(anonymous_1)
FN:53,(anonymous_2)
FN:75,(anonymous_3)
FN:76,(anonymous_4)
FN:87,(anonymous_5)
FN:123,(anonymous_6)
FN:135,(anonymous_7)
FN:176,(anonymous_8)
FN:180,(anonymous_9)
FN:184,(anonymous_10)
FN:188,(anonymous_11)
FN:192,(anonymous_12)
FN:217,(anonymous_13)
FN:221,(anonymous_14)
FN:225,(anonymous_15)
FN:229,(anonymous_16)
FN:248,(anonymous_17)
FN:253,(anonymous_18)
FN:258,(anonymous_19)
FN:263,(anonymous_20)
FN:280,(anonymous_21)
FN:284,(anonymous_22)
FN:288,(anonymous_23)
FN:292,(anonymous_24)
FN:317,(anonymous_25)
FN:357,(anonymous_26)
FN:443,(anonymous_27)
FN:458,(anonymous_28)
FN:482,(anonymous_29)
FN:497,(anonymous_30)
FN:511,(anonymous_31)
FN:523,(anonymous_32)
FN:546,(anonymous_33)
FN:563,(anonymous_34)
FN:580,(anonymous_35)
FNF:36
FNH:0
FNDA:0,(anonymous_0)
FNDA:0,(anonymous_1)
FNDA:0,(anonymous_2)
FNDA:0,(anonymous_3)
FNDA:0,(anonymous_4)
FNDA:0,(anonymous_5)
FNDA:0,(anonymous_6)
FNDA:0,(anonymous_7)
FNDA:0,(anonymous_8)
FNDA:0,(anonymous_9)
FNDA:0,(anonymous_10)
FNDA:0,(anonymous_11)
FNDA:0,(anonymous_12)
FNDA:0,(anonymous_13)
FNDA:0,(anonymous_14)
FNDA:0,(anonymous_15)
FNDA:0,(anonymous_16)
FNDA:0,(anonymous_17)
FNDA:0,(anonymous_18)
FNDA:0,(anonymous_19)
FNDA:0,(anonymous_20)
FNDA:0,(anonymous_21)
FNDA:0,(anonymous_22)
FNDA:0,(anonymous_23)
FNDA:0,(anonymous_24)
FNDA:0,(anonymous_25)
FNDA:0,(anonymous_26)
FNDA:0,(anonymous_27)
FNDA:0,(anonymous_28)
FNDA:0,(anonymous_29)
FNDA:0,(anonymous_30)
FNDA:0,(anonymous_31)
FNDA:0,(anonymous_32)
FNDA:0,(anonymous_33)
FNDA:0,(anonymous_34)
FNDA:0,(anonymous_35)
DA:7,0
DA:10,0
DA:11,0
DA:13,0
DA:14,0
DA:17,0
DA:18,0
DA:19,0
DA:22,0
DA:27,0
DA:28,0
DA:30,0
DA:31,0
DA:34,0
DA:35,0
DA:36,0
DA:39,0
DA:44,0
DA:53,0
DA:54,0
DA:56,0
DA:59,0
DA:60,0
DA:63,0
DA:64,0
DA:66,0
DA:68,0
DA:69,0
DA:74,0
DA:75,0
DA:77,0
DA:78,0
DA:79,0
DA:81,0
DA:86,0
DA:88,0
DA:89,0
DA:90,0
DA:91,0
DA:93,0
DA:94,0
DA:98,0
DA:99,0
DA:100,0
DA:104,0
DA:105,0
DA:107,0
DA:112,0
DA:113,0
DA:114,0
DA:119,0
DA:124,0
DA:125,0
DA:126,0
DA:127,0
DA:128,0
DA:130,0
DA:131,0
DA:136,0
DA:138,0
DA:139,0
DA:141,0
DA:142,0
DA:150,0
DA:151,0
DA:152,0
DA:154,0
DA:155,0
DA:175,0
DA:177,0
DA:178,0
DA:181,0
DA:182,0
DA:185,0
DA:186,0
DA:189,0
DA:190,0
DA:193,0
DA:194,0
DA:195,0
DA:203,0
DA:205,0
DA:210,0
DA:216,0
DA:218,0
DA:219,0
DA:222,0
DA:223,0
DA:226,0
DA:227,0
DA:230,0
DA:231,0
DA:232,0
DA:233,0
DA:234,0
DA:236,0
DA:241,0
DA:242,0
DA:247,0
DA:249,0
DA:250,0
DA:254,0
DA:255,0
DA:259,0
DA:260,0
DA:264,0
DA:265,0
DA:279,0
DA:281,0
DA:282,0
DA:285,0
DA:286,0
DA:289,0
DA:290,0
DA:293,0
DA:315,0
DA:318,0
DA:320,0
DA:321,0
DA:322,0
DA:323,0
DA:324,0
DA:325,0
DA:327,0
DA:331,0
DA:332,0
DA:333,0
DA:334,0
DA:335,0
DA:337,0
DA:341,0
DA:342,0
DA:343,0
DA:344,0
DA:345,0
DA:347,0
DA:350,0
DA:352,0
DA:353,0
DA:371,0
DA:372,0
DA:377,0
DA:385,0
DA:386,0
DA:387,0
DA:388,0
DA:391,0
DA:392,0
DA:393,0
DA:395,0
DA:397,0
DA:398,0
DA:399,0
DA:401,0
DA:404,0
DA:411,0
DA:412,0
DA:415,0
DA:418,0
DA:419,0
DA:420,0
DA:423,0
DA:424,0
DA:425,0
DA:428,0
DA:429,0
DA:430,0
DA:432,0
DA:433,0
DA:434,0
DA:435,0
DA:439,0
DA:444,0
DA:445,0
DA:449,0
DA:450,0
DA:452,0
DA:454,0
DA:459,0
DA:460,0
DA:461,0
DA:463,0
DA:464,0
DA:465,0
DA:467,0
DA:468,0
DA:471,0
DA:472,0
DA:474,0
DA:475,0
DA:483,0
DA:484,0
DA:485,0
DA:486,0
DA:489,0
DA:490,0
DA:492,0
DA:493,0
DA:498,0
DA:499,0
DA:504,0
DA:506,0
DA:507,0
DA:512,0
DA:513,0
DA:514,0
DA:516,0
DA:517,0
DA:522,0
DA:537,0
DA:538,0
DA:539,0
DA:541,0
DA:542,0
DA:547,0
DA:548,0
DA:549,0
DA:550,0
DA:551,0
DA:552,0
DA:553,0
DA:555,0
DA:556,0
DA:558,0
DA:559,0
DA:564,0
DA:565,0
DA:566,0
DA:567,0
DA:568,0
DA:569,0
DA:570,0
DA:572,0
DA:573,0
DA:575,0
DA:576,0
DA:581,0
DA:582,0
DA:583,0
DA:585,0
DA:586,0
LF:241
LH:0
BRDA:17,0,0,0
BRDA:17,0,1,0
BRDA:34,1,0,0
BRDA:34,1,1,0
BRDA:59,2,0,0
BRDA:59,2,1,0
BRDA:59,3,0,0
BRDA:59,3,1,0
BRDA:63,4,0,0
BRDA:63,4,1,0
BRDA:77,5,0,0
BRDA:77,5,1,0
BRDA:77,6,0,0
BRDA:77,6,1,0
BRDA:93,7,0,0
BRDA:93,7,1,0
BRDA:93,8,0,0
BRDA:93,8,1,0
BRDA:98,9,0,0
BRDA:98,9,1,0
BRDA:99,10,0,0
BRDA:99,10,1,0
BRDA:99,11,0,0
BRDA:99,11,1,0
BRDA:113,12,0,0
BRDA:113,12,1,0
BRDA:139,13,0,0
BRDA:139,13,1,0
BRDA:233,14,0,0
BRDA:233,14,1,0
BRDA:372,15,0,0
BRDA:372,15,1,0
BRDA:379,16,0,0
BRDA:379,16,1,0
BRDA:380,17,0,0
BRDA:380,17,1,0
BRDA:381,18,0,0
BRDA:381,18,1,0
BRDA:386,19,0,0
BRDA:386,19,1,0
BRDA:418,20,0,0
BRDA:418,20,1,0
BRDA:423,21,0,0
BRDA:423,21,1,0
BRDA:428,22,0,0
BRDA:428,22,1,0
BRDA:430,23,0,0
BRDA:430,23,1,0
BRDA:430,24,0,0
BRDA:430,24,1,0
BRDA:434,25,0,0
BRDA:434,25,1,0
BRDA:445,26,0,0
BRDA:445,26,1,0
BRDA:463,27,0,0
BRDA:463,27,1,0
BRDA:464,28,0,0
BRDA:464,28,1,0
BRDA:465,29,0,0
BRDA:465,29,1,0
BRDA:467,30,0,0
BRDA:467,30,1,0
BRDA:485,31,0,0
BRDA:485,31,1,0
BRDA:550,32,0,0
BRDA:550,32,1,0
BRDA:551,33,0,0
BRDA:551,33,1,0
BRDA:552,34,0,0
BRDA:552,34,1,0
BRDA:567,35,0,0
BRDA:567,35,1,0
BRDA:568,36,0,0
BRDA:568,36,1,0
BRDA:569,37,0,0
BRDA:569,37,1,0
BRF:76
BRH:0
end_of_record
TN:
SF:src\types\types.ts
FNF:0
FNH:0
LF:0
LH:0
BRF:0
BRH:0
end_of_record
